Compiling the C compiler identification source file "CMakeCCompilerId.c" failed.
Compiler: /opt/poky/5.0.12/sysroots/x86_64-pokysdk-linux/usr/share/cmake/../../../../../sysroots/x86_64-pokysdk-linux/usr/bin/arm-poky-linux-gnueabi/arm-poky-linux-gnueabi-gcc 
Build flags: ;-mthumb;-mfpu=neon-vfpv4;-mfloat-abi=hard;-mcpu=cortex-a7
Id flags:  

The output was:
1
/opt/poky/5.0.12/sysroots/x86_64-pokysdk-linux/usr/libexec/arm-poky-linux-gnueabi/gcc/arm-poky-linux-gnueabi/13.4.0/ld: cannot find Scrt1.o: No such file or directory
/opt/poky/5.0.12/sysroots/x86_64-pokysdk-linux/usr/libexec/arm-poky-linux-gnueabi/gcc/arm-poky-linux-gnueabi/13.4.0/ld: cannot find crti.o: No such file or directory
/opt/poky/5.0.12/sysroots/x86_64-pokysdk-linux/usr/libexec/arm-poky-linux-gnueabi/gcc/arm-poky-linux-gnueabi/13.4.0/ld: cannot find crtbeginS.o: No such file or directory
/opt/poky/5.0.12/sysroots/x86_64-pokysdk-linux/usr/libexec/arm-poky-linux-gnueabi/gcc/arm-poky-linux-gnueabi/13.4.0/ld: cannot find -lgcc: No such file or directory
/opt/poky/5.0.12/sysroots/x86_64-pokysdk-linux/usr/libexec/arm-poky-linux-gnueabi/gcc/arm-poky-linux-gnueabi/13.4.0/ld: cannot find -lgcc_s: No such file or directory
/opt/poky/5.0.12/sysroots/x86_64-pokysdk-linux/usr/libexec/arm-poky-linux-gnueabi/gcc/arm-poky-linux-gnueabi/13.4.0/ld: cannot find -lc: No such file or directory
/opt/poky/5.0.12/sysroots/x86_64-pokysdk-linux/usr/libexec/arm-poky-linux-gnueabi/gcc/arm-poky-linux-gnueabi/13.4.0/ld: cannot find -lgcc: No such file or directory
/opt/poky/5.0.12/sysroots/x86_64-pokysdk-linux/usr/libexec/arm-poky-linux-gnueabi/gcc/arm-poky-linux-gnueabi/13.4.0/ld: cannot find -lgcc_s: No such file or directory
/opt/poky/5.0.12/sysroots/x86_64-pokysdk-linux/usr/libexec/arm-poky-linux-gnueabi/gcc/arm-poky-linux-gnueabi/13.4.0/ld: cannot find crtendS.o: No such file or directory
/opt/poky/5.0.12/sysroots/x86_64-pokysdk-linux/usr/libexec/arm-poky-linux-gnueabi/gcc/arm-poky-linux-gnueabi/13.4.0/ld: cannot find crtn.o: No such file or directory
collect2: error: ld returned 1 exit status


Compiling the CXX compiler identification source file "CMakeCXXCompilerId.cpp" failed.
Compiler: /opt/poky/5.0.12/sysroots/x86_64-pokysdk-linux/usr/share/cmake/../../../../../sysroots/x86_64-pokysdk-linux/usr/bin/arm-poky-linux-gnueabi/arm-poky-linux-gnueabi-g++ 
Build flags: ;-mthumb;-mfpu=neon-vfpv4;-mfloat-abi=hard;-mcpu=cortex-a7
Id flags:  

The output was:
1
/opt/poky/5.0.12/sysroots/x86_64-pokysdk-linux/usr/libexec/arm-poky-linux-gnueabi/gcc/arm-poky-linux-gnueabi/13.4.0/ld: cannot find Scrt1.o: No such file or directory
/opt/poky/5.0.12/sysroots/x86_64-pokysdk-linux/usr/libexec/arm-poky-linux-gnueabi/gcc/arm-poky-linux-gnueabi/13.4.0/ld: cannot find crti.o: No such file or directory
/opt/poky/5.0.12/sysroots/x86_64-pokysdk-linux/usr/libexec/arm-poky-linux-gnueabi/gcc/arm-poky-linux-gnueabi/13.4.0/ld: cannot find crtbeginS.o: No such file or directory
/opt/poky/5.0.12/sysroots/x86_64-pokysdk-linux/usr/libexec/arm-poky-linux-gnueabi/gcc/arm-poky-linux-gnueabi/13.4.0/ld: cannot find -lstdc++: No such file or directory
/opt/poky/5.0.12/sysroots/x86_64-pokysdk-linux/usr/libexec/arm-poky-linux-gnueabi/gcc/arm-poky-linux-gnueabi/13.4.0/ld: cannot find -lm: No such file or directory
/opt/poky/5.0.12/sysroots/x86_64-pokysdk-linux/usr/libexec/arm-poky-linux-gnueabi/gcc/arm-poky-linux-gnueabi/13.4.0/ld: cannot find -lgcc_s: No such file or directory
/opt/poky/5.0.12/sysroots/x86_64-pokysdk-linux/usr/libexec/arm-poky-linux-gnueabi/gcc/arm-poky-linux-gnueabi/13.4.0/ld: cannot find -lgcc: No such file or directory
/opt/poky/5.0.12/sysroots/x86_64-pokysdk-linux/usr/libexec/arm-poky-linux-gnueabi/gcc/arm-poky-linux-gnueabi/13.4.0/ld: cannot find -lc: No such file or directory
/opt/poky/5.0.12/sysroots/x86_64-pokysdk-linux/usr/libexec/arm-poky-linux-gnueabi/gcc/arm-poky-linux-gnueabi/13.4.0/ld: cannot find -lgcc_s: No such file or directory
/opt/poky/5.0.12/sysroots/x86_64-pokysdk-linux/usr/libexec/arm-poky-linux-gnueabi/gcc/arm-poky-linux-gnueabi/13.4.0/ld: cannot find -lgcc: No such file or directory
/opt/poky/5.0.12/sysroots/x86_64-pokysdk-linux/usr/libexec/arm-poky-linux-gnueabi/gcc/arm-poky-linux-gnueabi/13.4.0/ld: cannot find crtendS.o: No such file or directory
/opt/poky/5.0.12/sysroots/x86_64-pokysdk-linux/usr/libexec/arm-poky-linux-gnueabi/gcc/arm-poky-linux-gnueabi/13.4.0/ld: cannot find crtn.o: No such file or directory
collect2: error: ld returned 1 exit status


