The target system is: Linux -  - arm
The host system is: Linux - 6.8.0-85-generic - x86_64
Compiling the C compiler identification source file "CMakeCCompilerId.c" succeeded.
Compiler: /opt/poky/5.0.12/sysroots/x86_64-pokysdk-linux/usr/share/cmake/../../../../../sysroots/x86_64-pokysdk-linux/usr/bin/arm-poky-linux-gnueabi/arm-poky-linux-gnueabi-gcc 
Build flags: ;-mthumb;-mfpu=neon-vfpv4;-mfloat-abi=hard;-mcpu=cortex-a7
Id flags: -c 

The output was:
0


Compilation of the C compiler identification source "CMakeCCompilerId.c" produced "CMakeCCompilerId.o"

The C compiler identification is GNU, found in "/home/alexis/Documents/Tec/Empotrados/Proyecto_1/RemoteCar-Embedded/libraries/build-arm/CMakeFiles/3.22.1/CompilerIdC/CMakeCCompilerId.o"

Compiling the CXX compiler identification source file "CMakeCXXCompilerId.cpp" succeeded.
Compiler: /opt/poky/5.0.12/sysroots/x86_64-pokysdk-linux/usr/share/cmake/../../../../../sysroots/x86_64-pokysdk-linux/usr/bin/arm-poky-linux-gnueabi/arm-poky-linux-gnueabi-g++ 
Build flags: ;-mthumb;-mfpu=neon-vfpv4;-mfloat-abi=hard;-mcpu=cortex-a7
Id flags: -c 

The output was:
0


Compilation of the CXX compiler identification source "CMakeCXXCompilerId.cpp" produced "CMakeCXXCompilerId.o"

The CXX compiler identification is GNU, found in "/home/alexis/Documents/Tec/Empotrados/Proyecto_1/RemoteCar-Embedded/libraries/build-arm/CMakeFiles/3.22.1/CompilerIdCXX/CMakeCXXCompilerId.o"

Detecting C compiler ABI info compiled with the following output:
Change Dir: /home/alexis/Documents/Tec/Empotrados/Proyecto_1/RemoteCar-Embedded/libraries/build-arm/CMakeFiles/CMakeTmp

Run Build Command(s):/usr/bin/gmake -f Makefile cmTC_1ebaa/fast && /usr/bin/gmake  -f CMakeFiles/cmTC_1ebaa.dir/build.make CMakeFiles/cmTC_1ebaa.dir/build
gmake[1]: Entering directory '/home/alexis/Documents/Tec/Empotrados/Proyecto_1/RemoteCar-Embedded/libraries/build-arm/CMakeFiles/CMakeTmp'
Building C object CMakeFiles/cmTC_1ebaa.dir/CMakeCCompilerABI.c.o
/opt/poky/5.0.12/sysroots/x86_64-pokysdk-linux/usr/share/cmake/../../../../../sysroots/x86_64-pokysdk-linux/usr/bin/arm-poky-linux-gnueabi/arm-poky-linux-gnueabi-gcc --sysroot=/opt/poky/5.0.12/sysroots/x86_64-pokysdk-linux/usr/share/cmake/../../../../../sysroots/cortexa7t2hf-neon-vfpv4-poky-linux-gnueabi   -mthumb -mfpu=neon-vfpv4 -mfloat-abi=hard -mcpu=cortex-a7    -v -o CMakeFiles/cmTC_1ebaa.dir/CMakeCCompilerABI.c.o -c /usr/share/cmake-3.22/Modules/CMakeCCompilerABI.c
Using built-in specs.
COLLECT_GCC=/opt/poky/5.0.12/sysroots/x86_64-pokysdk-linux/usr/share/cmake/../../../../../sysroots/x86_64-pokysdk-linux/usr/bin/arm-poky-linux-gnueabi/arm-poky-linux-gnueabi-gcc
Target: arm-poky-linux-gnueabi
Configured with: ../../../../../../work-shared/gcc-13.4.0-r0/gcc-13.4.0/configure --build=x86_64-linux --host=x86_64-pokysdk-linux --target=arm-poky-linux-gnueabi --prefix=/usr/local/oe-sdk-hardcoded-buildpath/sysroots/x86_64-pokysdk-linux/usr --exec_prefix=/usr/local/oe-sdk-hardcoded-buildpath/sysroots/x86_64-pokysdk-linux/usr --bindir=/usr/local/oe-sdk-hardcoded-buildpath/sysroots/x86_64-pokysdk-linux/usr/bin/arm-poky-linux-gnueabi --sbindir=/usr/local/oe-sdk-hardcoded-buildpath/sysroots/x86_64-pokysdk-linux/usr/bin/arm-poky-linux-gnueabi --libexecdir=/usr/local/oe-sdk-hardcoded-buildpath/sysroots/x86_64-pokysdk-linux/usr/libexec/arm-poky-linux-gnueabi --datadir=/usr/local/oe-sdk-hardcoded-buildpath/sysroots/x86_64-pokysdk-linux/usr/share --sysconfdir=/usr/local/oe-sdk-hardcoded-buildpath/sysroots/x86_64-pokysdk-linux/etc --sharedstatedir=/usr/local/oe-sdk-hardcoded-buildpath/sysroots/x86_64-pokysdk-linux/com --localstatedir=/usr/local/oe-sdk-hardcoded-buildpath/sysroots/x86_64-pokysdk-linux/var --libdir=/usr/local/oe-sdk-hardcoded-buildpath/sysroots/x86_64-pokysdk-linux/usr/lib/arm-poky-linux-gnueabi --includedir=/usr/local/oe-sdk-hardcoded-buildpath/sysroots/x86_64-pokysdk-linux/usr/include --oldincludedir=/usr/local/oe-sdk-hardcoded-buildpath/sysroots/x86_64-pokysdk-linux/usr/include --infodir=/usr/local/oe-sdk-hardcoded-buildpath/sysroots/x86_64-pokysdk-linux/usr/share/info --mandir=/usr/local/oe-sdk-hardcoded-buildpath/sysroots/x86_64-pokysdk-linux/usr/share/man --disable-silent-rules --disable-dependency-tracking --with-libtool-sysroot=/host --with-gnu-ld --enable-shared --enable-languages=c,c++ --enable-threads=posix --enable-multilib --enable-default-pie --enable-c99 --enable-long-long --enable-symvers=gnu --enable-libstdcxx-pch --program-prefix=arm-poky-linux-gnueabi- --without-local-prefix --disable-install-libiberty --disable-libssp --enable-libitm --enable-lto --disable-bootstrap --with-system-zlib --with-linker-hash-style=gnu --enable-linker-build-id --with-ppl=no --with-cloog=no --enable-checking=release --enable-cheaders=c_global --without-isl --with-gxx-include-dir=/not/exist/usr/include/c++/13.4.0 --with-build-time-tools=/host-native/usr/arm-poky-linux-gnueabi/bin --with-sysroot=/not/exist --with-build-sysroot=/host --with-plugin-ld=ld --enable-poison-system-directories --disable-static --enable-nls --with-glibc-version=2.28 --enable-initfini-array
Thread model: posix
Supported LTO compression algorithms: zlib zstd
gcc version 13.4.0 (GCC) 
COLLECT_GCC_OPTIONS='--sysroot=/opt/poky/5.0.12/sysroots/x86_64-pokysdk-linux/usr/share/cmake/../../../../../sysroots/cortexa7t2hf-neon-vfpv4-poky-linux-gnueabi' '-mthumb' '-mfpu=neon-vfpv4' '-mfloat-abi=hard' '-mcpu=cortex-a7' '-v' '-o' 'CMakeFiles/cmTC_1ebaa.dir/CMakeCCompilerABI.c.o' '-c' '-mtls-dialect=gnu' '-mlibarch=armv7ve+simd' '-march=armv7ve+simd' '-dumpdir' 'CMakeFiles/cmTC_1ebaa.dir/'
 /opt/poky/5.0.12/sysroots/x86_64-pokysdk-linux/usr/libexec/arm-poky-linux-gnueabi/gcc/arm-poky-linux-gnueabi/13.4.0/cc1 -quiet -v -isysroot /opt/poky/5.0.12/sysroots/x86_64-pokysdk-linux/usr/share/cmake/../../../../../sysroots/cortexa7t2hf-neon-vfpv4-poky-linux-gnueabi /usr/share/cmake-3.22/Modules/CMakeCCompilerABI.c -quiet -dumpdir CMakeFiles/cmTC_1ebaa.dir/ -dumpbase CMakeCCompilerABI.c.c -dumpbase-ext .c -mthumb -mfpu=neon-vfpv4 -mfloat-abi=hard -mcpu=cortex-a7 -mtls-dialect=gnu -mlibarch=armv7ve+simd -march=armv7ve+simd -version -o /tmp/ccZs1k9L.s
GNU C17 (GCC) version 13.4.0 (arm-poky-linux-gnueabi)
	compiled by GNU C version 13.4.0, GMP version 6.3.0, MPFR version 4.2.1, MPC version 1.3.1, isl version none
GGC heuristics: --param ggc-min-expand=100 --param ggc-min-heapsize=131072
ignoring nonexistent directory "/opt/poky/5.0.12/sysroots/x86_64-pokysdk-linux/usr/share/cmake/../../../../../sysroots/cortexa7t2hf-neon-vfpv4-poky-linux-gnueabi/usr/lib/arm-poky-linux-gnueabi/13.4.0/include"
ignoring nonexistent directory "/opt/poky/5.0.12/sysroots/x86_64-pokysdk-linux/usr/share/cmake/../../../../../sysroots/cortexa7t2hf-neon-vfpv4-poky-linux-gnueabi/usr/local/include"
ignoring nonexistent directory "/opt/poky/5.0.12/sysroots/x86_64-pokysdk-linux/usr/lib/arm-poky-linux-gnueabi/gcc/arm-poky-linux-gnueabi/13.4.0/../../../../../arm-poky-linux-gnueabi/include"
#include "..." search starts here:
#include <...> search starts here:
 /opt/poky/5.0.12/sysroots/x86_64-pokysdk-linux/usr/lib/arm-poky-linux-gnueabi/gcc/arm-poky-linux-gnueabi/13.4.0/include
 /opt/poky/5.0.12/sysroots/x86_64-pokysdk-linux/usr/lib/arm-poky-linux-gnueabi/gcc/arm-poky-linux-gnueabi/13.4.0/include-fixed
 /opt/poky/5.0.12/sysroots/x86_64-pokysdk-linux/usr/share/cmake/../../../../../sysroots/cortexa7t2hf-neon-vfpv4-poky-linux-gnueabi/usr/include/
End of search list.
Compiler executable checksum: 9aad753c47ec866c966ae4b327ea08f3
COLLECT_GCC_OPTIONS='--sysroot=/opt/poky/5.0.12/sysroots/x86_64-pokysdk-linux/usr/share/cmake/../../../../../sysroots/cortexa7t2hf-neon-vfpv4-poky-linux-gnueabi' '-mthumb' '-mfpu=neon-vfpv4' '-mfloat-abi=hard' '-mcpu=cortex-a7' '-v' '-o' 'CMakeFiles/cmTC_1ebaa.dir/CMakeCCompilerABI.c.o' '-c' '-mtls-dialect=gnu' '-mlibarch=armv7ve+simd' '-march=armv7ve+simd' '-dumpdir' 'CMakeFiles/cmTC_1ebaa.dir/'
 /opt/poky/5.0.12/sysroots/x86_64-pokysdk-linux/usr/libexec/arm-poky-linux-gnueabi/gcc/arm-poky-linux-gnueabi/13.4.0/as -v -march=armv7ve+simd -mfloat-abi=hard -mfpu=neon-vfpv4 -meabi=5 -o CMakeFiles/cmTC_1ebaa.dir/CMakeCCompilerABI.c.o /tmp/ccZs1k9L.s
GNU assembler version 2.42.0 (arm-poky-linux-gnueabi) using BFD version (GNU Binutils) 2.42.0.20240723
COMPILER_PATH=/opt/poky/5.0.12/sysroots/x86_64-pokysdk-linux/usr/libexec/arm-poky-linux-gnueabi/gcc/arm-poky-linux-gnueabi/13.4.0/:/opt/poky/5.0.12/sysroots/x86_64-pokysdk-linux/usr/libexec/arm-poky-linux-gnueabi/gcc/arm-poky-linux-gnueabi/13.4.0/:/opt/poky/5.0.12/sysroots/x86_64-pokysdk-linux/usr/libexec/arm-poky-linux-gnueabi/gcc/arm-poky-linux-gnueabi/:/opt/poky/5.0.12/sysroots/x86_64-pokysdk-linux/usr/lib/arm-poky-linux-gnueabi/gcc/arm-poky-linux-gnueabi/13.4.0/:/opt/poky/5.0.12/sysroots/x86_64-pokysdk-linux/usr/lib/arm-poky-linux-gnueabi/gcc/arm-poky-linux-gnueabi/
LIBRARY_PATH=/opt/poky/5.0.12/sysroots/x86_64-pokysdk-linux/usr/lib/arm-poky-linux-gnueabi/gcc/arm-poky-linux-gnueabi/13.4.0/:/opt/poky/5.0.12/sysroots/x86_64-pokysdk-linux/usr/share/cmake/../../../../../sysroots/cortexa7t2hf-neon-vfpv4-poky-linux-gnueabi/lib/arm-poky-linux-gnueabi/13.4.0/:/opt/poky/5.0.12/sysroots/x86_64-pokysdk-linux/usr/share/cmake/../../../../../sysroots/cortexa7t2hf-neon-vfpv4-poky-linux-gnueabi/lib/:/opt/poky/5.0.12/sysroots/x86_64-pokysdk-linux/usr/share/cmake/../../../../../sysroots/cortexa7t2hf-neon-vfpv4-poky-linux-gnueabi/usr/lib/arm-poky-linux-gnueabi/13.4.0/:/opt/poky/5.0.12/sysroots/x86_64-pokysdk-linux/usr/share/cmake/../../../../../sysroots/cortexa7t2hf-neon-vfpv4-poky-linux-gnueabi/usr/lib/
COLLECT_GCC_OPTIONS='--sysroot=/opt/poky/5.0.12/sysroots/x86_64-pokysdk-linux/usr/share/cmake/../../../../../sysroots/cortexa7t2hf-neon-vfpv4-poky-linux-gnueabi' '-mthumb' '-mfpu=neon-vfpv4' '-mfloat-abi=hard' '-mcpu=cortex-a7' '-v' '-o' 'CMakeFiles/cmTC_1ebaa.dir/CMakeCCompilerABI.c.o' '-c' '-mtls-dialect=gnu' '-mlibarch=armv7ve+simd' '-march=armv7ve+simd' '-dumpdir' 'CMakeFiles/cmTC_1ebaa.dir/CMakeCCompilerABI.c.'
Linking C executable cmTC_1ebaa
/usr/bin/cmake -E cmake_link_script CMakeFiles/cmTC_1ebaa.dir/link.txt --verbose=1
/opt/poky/5.0.12/sysroots/x86_64-pokysdk-linux/usr/share/cmake/../../../../../sysroots/x86_64-pokysdk-linux/usr/bin/arm-poky-linux-gnueabi/arm-poky-linux-gnueabi-gcc --sysroot=/opt/poky/5.0.12/sysroots/x86_64-pokysdk-linux/usr/share/cmake/../../../../../sysroots/cortexa7t2hf-neon-vfpv4-poky-linux-gnueabi  -mthumb -mfpu=neon-vfpv4 -mfloat-abi=hard -mcpu=cortex-a7   -v -rdynamic CMakeFiles/cmTC_1ebaa.dir/CMakeCCompilerABI.c.o -o cmTC_1ebaa 
Using built-in specs.
COLLECT_GCC=/opt/poky/5.0.12/sysroots/x86_64-pokysdk-linux/usr/share/cmake/../../../../../sysroots/x86_64-pokysdk-linux/usr/bin/arm-poky-linux-gnueabi/arm-poky-linux-gnueabi-gcc
COLLECT_LTO_WRAPPER=/opt/poky/5.0.12/sysroots/x86_64-pokysdk-linux/usr/libexec/arm-poky-linux-gnueabi/gcc/arm-poky-linux-gnueabi/13.4.0/lto-wrapper
Target: arm-poky-linux-gnueabi
Configured with: ../../../../../../work-shared/gcc-13.4.0-r0/gcc-13.4.0/configure --build=x86_64-linux --host=x86_64-pokysdk-linux --target=arm-poky-linux-gnueabi --prefix=/usr/local/oe-sdk-hardcoded-buildpath/sysroots/x86_64-pokysdk-linux/usr --exec_prefix=/usr/local/oe-sdk-hardcoded-buildpath/sysroots/x86_64-pokysdk-linux/usr --bindir=/usr/local/oe-sdk-hardcoded-buildpath/sysroots/x86_64-pokysdk-linux/usr/bin/arm-poky-linux-gnueabi --sbindir=/usr/local/oe-sdk-hardcoded-buildpath/sysroots/x86_64-pokysdk-linux/usr/bin/arm-poky-linux-gnueabi --libexecdir=/usr/local/oe-sdk-hardcoded-buildpath/sysroots/x86_64-pokysdk-linux/usr/libexec/arm-poky-linux-gnueabi --datadir=/usr/local/oe-sdk-hardcoded-buildpath/sysroots/x86_64-pokysdk-linux/usr/share --sysconfdir=/usr/local/oe-sdk-hardcoded-buildpath/sysroots/x86_64-pokysdk-linux/etc --sharedstatedir=/usr/local/oe-sdk-hardcoded-buildpath/sysroots/x86_64-pokysdk-linux/com --localstatedir=/usr/local/oe-sdk-hardcoded-buildpath/sysroots/x86_64-pokysdk-linux/var --libdir=/usr/local/oe-sdk-hardcoded-buildpath/sysroots/x86_64-pokysdk-linux/usr/lib/arm-poky-linux-gnueabi --includedir=/usr/local/oe-sdk-hardcoded-buildpath/sysroots/x86_64-pokysdk-linux/usr/include --oldincludedir=/usr/local/oe-sdk-hardcoded-buildpath/sysroots/x86_64-pokysdk-linux/usr/include --infodir=/usr/local/oe-sdk-hardcoded-buildpath/sysroots/x86_64-pokysdk-linux/usr/share/info --mandir=/usr/local/oe-sdk-hardcoded-buildpath/sysroots/x86_64-pokysdk-linux/usr/share/man --disable-silent-rules --disable-dependency-tracking --with-libtool-sysroot=/host --with-gnu-ld --enable-shared --enable-languages=c,c++ --enable-threads=posix --enable-multilib --enable-default-pie --enable-c99 --enable-long-long --enable-symvers=gnu --enable-libstdcxx-pch --program-prefix=arm-poky-linux-gnueabi- --without-local-prefix --disable-install-libiberty --disable-libssp --enable-libitm --enable-lto --disable-bootstrap --with-system-zlib --with-linker-hash-style=gnu --enable-linker-build-id --with-ppl=no --with-cloog=no --enable-checking=release --enable-cheaders=c_global --without-isl --with-gxx-include-dir=/not/exist/usr/include/c++/13.4.0 --with-build-time-tools=/host-native/usr/arm-poky-linux-gnueabi/bin --with-sysroot=/not/exist --with-build-sysroot=/host --with-plugin-ld=ld --enable-poison-system-directories --disable-static --enable-nls --with-glibc-version=2.28 --enable-initfini-array
Thread model: posix
Supported LTO compression algorithms: zlib zstd
gcc version 13.4.0 (GCC) 
COMPILER_PATH=/opt/poky/5.0.12/sysroots/x86_64-pokysdk-linux/usr/libexec/arm-poky-linux-gnueabi/gcc/arm-poky-linux-gnueabi/13.4.0/:/opt/poky/5.0.12/sysroots/x86_64-pokysdk-linux/usr/libexec/arm-poky-linux-gnueabi/gcc/arm-poky-linux-gnueabi/13.4.0/:/opt/poky/5.0.12/sysroots/x86_64-pokysdk-linux/usr/libexec/arm-poky-linux-gnueabi/gcc/arm-poky-linux-gnueabi/:/opt/poky/5.0.12/sysroots/x86_64-pokysdk-linux/usr/lib/arm-poky-linux-gnueabi/gcc/arm-poky-linux-gnueabi/13.4.0/:/opt/poky/5.0.12/sysroots/x86_64-pokysdk-linux/usr/lib/arm-poky-linux-gnueabi/gcc/arm-poky-linux-gnueabi/
LIBRARY_PATH=/opt/poky/5.0.12/sysroots/x86_64-pokysdk-linux/usr/lib/arm-poky-linux-gnueabi/gcc/arm-poky-linux-gnueabi/13.4.0/:/opt/poky/5.0.12/sysroots/x86_64-pokysdk-linux/usr/share/cmake/../../../../../sysroots/cortexa7t2hf-neon-vfpv4-poky-linux-gnueabi/lib/arm-poky-linux-gnueabi/13.4.0/:/opt/poky/5.0.12/sysroots/x86_64-pokysdk-linux/usr/share/cmake/../../../../../sysroots/cortexa7t2hf-neon-vfpv4-poky-linux-gnueabi/lib/:/opt/poky/5.0.12/sysroots/x86_64-pokysdk-linux/usr/share/cmake/../../../../../sysroots/cortexa7t2hf-neon-vfpv4-poky-linux-gnueabi/usr/lib/arm-poky-linux-gnueabi/13.4.0/:/opt/poky/5.0.12/sysroots/x86_64-pokysdk-linux/usr/share/cmake/../../../../../sysroots/cortexa7t2hf-neon-vfpv4-poky-linux-gnueabi/usr/lib/
COLLECT_GCC_OPTIONS='--sysroot=/opt/poky/5.0.12/sysroots/x86_64-pokysdk-linux/usr/share/cmake/../../../../../sysroots/cortexa7t2hf-neon-vfpv4-poky-linux-gnueabi' '-mthumb' '-mfpu=neon-vfpv4' '-mfloat-abi=hard' '-mcpu=cortex-a7' '-v' '-rdynamic' '-o' 'cmTC_1ebaa' '-mtls-dialect=gnu' '-mlibarch=armv7ve+simd' '-march=armv7ve+simd' '-dumpdir' 'cmTC_1ebaa.'
 /opt/poky/5.0.12/sysroots/x86_64-pokysdk-linux/usr/libexec/arm-poky-linux-gnueabi/gcc/arm-poky-linux-gnueabi/13.4.0/collect2 -plugin /opt/poky/5.0.12/sysroots/x86_64-pokysdk-linux/usr/libexec/arm-poky-linux-gnueabi/gcc/arm-poky-linux-gnueabi/13.4.0/liblto_plugin.so -plugin-opt=/opt/poky/5.0.12/sysroots/x86_64-pokysdk-linux/usr/libexec/arm-poky-linux-gnueabi/gcc/arm-poky-linux-gnueabi/13.4.0/lto-wrapper -plugin-opt=-fresolution=/tmp/ccfXghQL.res -plugin-opt=-pass-through=-lgcc -plugin-opt=-pass-through=-lgcc_s -plugin-opt=-pass-through=-lc -plugin-opt=-pass-through=-lgcc -plugin-opt=-pass-through=-lgcc_s --sysroot=/opt/poky/5.0.12/sysroots/x86_64-pokysdk-linux/usr/share/cmake/../../../../../sysroots/cortexa7t2hf-neon-vfpv4-poky-linux-gnueabi --build-id --eh-frame-hdr --hash-style=gnu -export-dynamic -dynamic-linker /lib/ld-linux-armhf.so.3 -X -m armelf_linux_eabi -pie -o cmTC_1ebaa /opt/poky/5.0.12/sysroots/x86_64-pokysdk-linux/usr/share/cmake/../../../../../sysroots/cortexa7t2hf-neon-vfpv4-poky-linux-gnueabi/lib/Scrt1.o /opt/poky/5.0.12/sysroots/x86_64-pokysdk-linux/usr/share/cmake/../../../../../sysroots/cortexa7t2hf-neon-vfpv4-poky-linux-gnueabi/lib/crti.o /opt/poky/5.0.12/sysroots/x86_64-pokysdk-linux/usr/share/cmake/../../../../../sysroots/cortexa7t2hf-neon-vfpv4-poky-linux-gnueabi/lib/arm-poky-linux-gnueabi/13.4.0/crtbeginS.o -L/opt/poky/5.0.12/sysroots/x86_64-pokysdk-linux/usr/lib/arm-poky-linux-gnueabi/gcc/arm-poky-linux-gnueabi/13.4.0 -L/opt/poky/5.0.12/sysroots/x86_64-pokysdk-linux/usr/share/cmake/../../../../../sysroots/cortexa7t2hf-neon-vfpv4-poky-linux-gnueabi/lib/arm-poky-linux-gnueabi/13.4.0 -L/opt/poky/5.0.12/sysroots/x86_64-pokysdk-linux/usr/share/cmake/../../../../../sysroots/cortexa7t2hf-neon-vfpv4-poky-linux-gnueabi/lib -L/opt/poky/5.0.12/sysroots/x86_64-pokysdk-linux/usr/share/cmake/../../../../../sysroots/cortexa7t2hf-neon-vfpv4-poky-linux-gnueabi/usr/lib/arm-poky-linux-gnueabi/13.4.0 -L/opt/poky/5.0.12/sysroots/x86_64-pokysdk-linux/usr/share/cmake/../../../../../sysroots/cortexa7t2hf-neon-vfpv4-poky-linux-gnueabi/usr/lib CMakeFiles/cmTC_1ebaa.dir/CMakeCCompilerABI.c.o -lgcc --push-state --as-needed -lgcc_s --pop-state -lc -lgcc --push-state --as-needed -lgcc_s --pop-state /opt/poky/5.0.12/sysroots/x86_64-pokysdk-linux/usr/share/cmake/../../../../../sysroots/cortexa7t2hf-neon-vfpv4-poky-linux-gnueabi/lib/arm-poky-linux-gnueabi/13.4.0/crtendS.o /opt/poky/5.0.12/sysroots/x86_64-pokysdk-linux/usr/share/cmake/../../../../../sysroots/cortexa7t2hf-neon-vfpv4-poky-linux-gnueabi/lib/crtn.o
COLLECT_GCC_OPTIONS='--sysroot=/opt/poky/5.0.12/sysroots/x86_64-pokysdk-linux/usr/share/cmake/../../../../../sysroots/cortexa7t2hf-neon-vfpv4-poky-linux-gnueabi' '-mthumb' '-mfpu=neon-vfpv4' '-mfloat-abi=hard' '-mcpu=cortex-a7' '-v' '-rdynamic' '-o' 'cmTC_1ebaa' '-mtls-dialect=gnu' '-mlibarch=armv7ve+simd' '-march=armv7ve+simd' '-dumpdir' 'cmTC_1ebaa.'
gmake[1]: Leaving directory '/home/alexis/Documents/Tec/Empotrados/Proyecto_1/RemoteCar-Embedded/libraries/build-arm/CMakeFiles/CMakeTmp'



Parsed C implicit include dir info from above output: rv=done
  found start of include info
  found start of implicit include info
    add: [/opt/poky/5.0.12/sysroots/x86_64-pokysdk-linux/usr/lib/arm-poky-linux-gnueabi/gcc/arm-poky-linux-gnueabi/13.4.0/include]
    add: [/opt/poky/5.0.12/sysroots/x86_64-pokysdk-linux/usr/lib/arm-poky-linux-gnueabi/gcc/arm-poky-linux-gnueabi/13.4.0/include-fixed]
    add: [/opt/poky/5.0.12/sysroots/x86_64-pokysdk-linux/usr/share/cmake/../../../../../sysroots/cortexa7t2hf-neon-vfpv4-poky-linux-gnueabi/usr/include/]
  end of search list found
  collapse include dir [/opt/poky/5.0.12/sysroots/x86_64-pokysdk-linux/usr/lib/arm-poky-linux-gnueabi/gcc/arm-poky-linux-gnueabi/13.4.0/include] ==> [/opt/poky/5.0.12/sysroots/x86_64-pokysdk-linux/usr/lib/arm-poky-linux-gnueabi/gcc/arm-poky-linux-gnueabi/13.4.0/include]
  collapse include dir [/opt/poky/5.0.12/sysroots/x86_64-pokysdk-linux/usr/lib/arm-poky-linux-gnueabi/gcc/arm-poky-linux-gnueabi/13.4.0/include-fixed] ==> [/opt/poky/5.0.12/sysroots/x86_64-pokysdk-linux/usr/lib/arm-poky-linux-gnueabi/gcc/arm-poky-linux-gnueabi/13.4.0/include-fixed]
  collapse include dir [/opt/poky/5.0.12/sysroots/x86_64-pokysdk-linux/usr/share/cmake/../../../../../sysroots/cortexa7t2hf-neon-vfpv4-poky-linux-gnueabi/usr/include/] ==> [/opt/poky/5.0.12/sysroots/cortexa7t2hf-neon-vfpv4-poky-linux-gnueabi/usr/include]
  implicit include dirs: [/opt/poky/5.0.12/sysroots/x86_64-pokysdk-linux/usr/lib/arm-poky-linux-gnueabi/gcc/arm-poky-linux-gnueabi/13.4.0/include;/opt/poky/5.0.12/sysroots/x86_64-pokysdk-linux/usr/lib/arm-poky-linux-gnueabi/gcc/arm-poky-linux-gnueabi/13.4.0/include-fixed;/opt/poky/5.0.12/sysroots/cortexa7t2hf-neon-vfpv4-poky-linux-gnueabi/usr/include]


Parsed C implicit link information from above output:
  link line regex: [^( *|.*[/\])(arm-poky-linux-gnueabi-ld|CMAKE_LINK_STARTFILE-NOTFOUND|([^/\]+-)?ld|collect2)[^/\]*( |$)]
  ignore line: [Change Dir: /home/alexis/Documents/Tec/Empotrados/Proyecto_1/RemoteCar-Embedded/libraries/build-arm/CMakeFiles/CMakeTmp]
  ignore line: []
  ignore line: [Run Build Command(s):/usr/bin/gmake -f Makefile cmTC_1ebaa/fast && /usr/bin/gmake  -f CMakeFiles/cmTC_1ebaa.dir/build.make CMakeFiles/cmTC_1ebaa.dir/build]
  ignore line: [gmake[1]: Entering directory '/home/alexis/Documents/Tec/Empotrados/Proyecto_1/RemoteCar-Embedded/libraries/build-arm/CMakeFiles/CMakeTmp']
  ignore line: [Building C object CMakeFiles/cmTC_1ebaa.dir/CMakeCCompilerABI.c.o]
  ignore line: [/opt/poky/5.0.12/sysroots/x86_64-pokysdk-linux/usr/share/cmake/../../../../../sysroots/x86_64-pokysdk-linux/usr/bin/arm-poky-linux-gnueabi/arm-poky-linux-gnueabi-gcc --sysroot=/opt/poky/5.0.12/sysroots/x86_64-pokysdk-linux/usr/share/cmake/../../../../../sysroots/cortexa7t2hf-neon-vfpv4-poky-linux-gnueabi   -mthumb -mfpu=neon-vfpv4 -mfloat-abi=hard -mcpu=cortex-a7    -v -o CMakeFiles/cmTC_1ebaa.dir/CMakeCCompilerABI.c.o -c /usr/share/cmake-3.22/Modules/CMakeCCompilerABI.c]
  ignore line: [Using built-in specs.]
  ignore line: [COLLECT_GCC=/opt/poky/5.0.12/sysroots/x86_64-pokysdk-linux/usr/share/cmake/../../../../../sysroots/x86_64-pokysdk-linux/usr/bin/arm-poky-linux-gnueabi/arm-poky-linux-gnueabi-gcc]
  ignore line: [Target: arm-poky-linux-gnueabi]
  ignore line: [Configured with: ../../../../../../work-shared/gcc-13.4.0-r0/gcc-13.4.0/configure --build=x86_64-linux --host=x86_64-pokysdk-linux --target=arm-poky-linux-gnueabi --prefix=/usr/local/oe-sdk-hardcoded-buildpath/sysroots/x86_64-pokysdk-linux/usr --exec_prefix=/usr/local/oe-sdk-hardcoded-buildpath/sysroots/x86_64-pokysdk-linux/usr --bindir=/usr/local/oe-sdk-hardcoded-buildpath/sysroots/x86_64-pokysdk-linux/usr/bin/arm-poky-linux-gnueabi --sbindir=/usr/local/oe-sdk-hardcoded-buildpath/sysroots/x86_64-pokysdk-linux/usr/bin/arm-poky-linux-gnueabi --libexecdir=/usr/local/oe-sdk-hardcoded-buildpath/sysroots/x86_64-pokysdk-linux/usr/libexec/arm-poky-linux-gnueabi --datadir=/usr/local/oe-sdk-hardcoded-buildpath/sysroots/x86_64-pokysdk-linux/usr/share --sysconfdir=/usr/local/oe-sdk-hardcoded-buildpath/sysroots/x86_64-pokysdk-linux/etc --sharedstatedir=/usr/local/oe-sdk-hardcoded-buildpath/sysroots/x86_64-pokysdk-linux/com --localstatedir=/usr/local/oe-sdk-hardcoded-buildpath/sysroots/x86_64-pokysdk-linux/var --libdir=/usr/local/oe-sdk-hardcoded-buildpath/sysroots/x86_64-pokysdk-linux/usr/lib/arm-poky-linux-gnueabi --includedir=/usr/local/oe-sdk-hardcoded-buildpath/sysroots/x86_64-pokysdk-linux/usr/include --oldincludedir=/usr/local/oe-sdk-hardcoded-buildpath/sysroots/x86_64-pokysdk-linux/usr/include --infodir=/usr/local/oe-sdk-hardcoded-buildpath/sysroots/x86_64-pokysdk-linux/usr/share/info --mandir=/usr/local/oe-sdk-hardcoded-buildpath/sysroots/x86_64-pokysdk-linux/usr/share/man --disable-silent-rules --disable-dependency-tracking --with-libtool-sysroot=/host --with-gnu-ld --enable-shared --enable-languages=c,c++ --enable-threads=posix --enable-multilib --enable-default-pie --enable-c99 --enable-long-long --enable-symvers=gnu --enable-libstdcxx-pch --program-prefix=arm-poky-linux-gnueabi- --without-local-prefix --disable-install-libiberty --disable-libssp --enable-libitm --enable-lto --disable-bootstrap --with-system-zlib --with-linker-hash-style=gnu --enable-linker-build-id --with-ppl=no --with-cloog=no --enable-checking=release --enable-cheaders=c_global --without-isl --with-gxx-include-dir=/not/exist/usr/include/c++/13.4.0 --with-build-time-tools=/host-native/usr/arm-poky-linux-gnueabi/bin --with-sysroot=/not/exist --with-build-sysroot=/host --with-plugin-ld=ld --enable-poison-system-directories --disable-static --enable-nls --with-glibc-version=2.28 --enable-initfini-array]
  ignore line: [Thread model: posix]
  ignore line: [Supported LTO compression algorithms: zlib zstd]
  ignore line: [gcc version 13.4.0 (GCC) ]
  ignore line: [COLLECT_GCC_OPTIONS='--sysroot=/opt/poky/5.0.12/sysroots/x86_64-pokysdk-linux/usr/share/cmake/../../../../../sysroots/cortexa7t2hf-neon-vfpv4-poky-linux-gnueabi' '-mthumb' '-mfpu=neon-vfpv4' '-mfloat-abi=hard' '-mcpu=cortex-a7' '-v' '-o' 'CMakeFiles/cmTC_1ebaa.dir/CMakeCCompilerABI.c.o' '-c' '-mtls-dialect=gnu' '-mlibarch=armv7ve+simd' '-march=armv7ve+simd' '-dumpdir' 'CMakeFiles/cmTC_1ebaa.dir/']
  ignore line: [ /opt/poky/5.0.12/sysroots/x86_64-pokysdk-linux/usr/libexec/arm-poky-linux-gnueabi/gcc/arm-poky-linux-gnueabi/13.4.0/cc1 -quiet -v -isysroot /opt/poky/5.0.12/sysroots/x86_64-pokysdk-linux/usr/share/cmake/../../../../../sysroots/cortexa7t2hf-neon-vfpv4-poky-linux-gnueabi /usr/share/cmake-3.22/Modules/CMakeCCompilerABI.c -quiet -dumpdir CMakeFiles/cmTC_1ebaa.dir/ -dumpbase CMakeCCompilerABI.c.c -dumpbase-ext .c -mthumb -mfpu=neon-vfpv4 -mfloat-abi=hard -mcpu=cortex-a7 -mtls-dialect=gnu -mlibarch=armv7ve+simd -march=armv7ve+simd -version -o /tmp/ccZs1k9L.s]
  ignore line: [GNU C17 (GCC) version 13.4.0 (arm-poky-linux-gnueabi)]
  ignore line: [	compiled by GNU C version 13.4.0  GMP version 6.3.0  MPFR version 4.2.1  MPC version 1.3.1  isl version none]
  ignore line: [GGC heuristics: --param ggc-min-expand=100 --param ggc-min-heapsize=131072]
  ignore line: [ignoring nonexistent directory "/opt/poky/5.0.12/sysroots/x86_64-pokysdk-linux/usr/share/cmake/../../../../../sysroots/cortexa7t2hf-neon-vfpv4-poky-linux-gnueabi/usr/lib/arm-poky-linux-gnueabi/13.4.0/include"]
  ignore line: [ignoring nonexistent directory "/opt/poky/5.0.12/sysroots/x86_64-pokysdk-linux/usr/share/cmake/../../../../../sysroots/cortexa7t2hf-neon-vfpv4-poky-linux-gnueabi/usr/local/include"]
  ignore line: [ignoring nonexistent directory "/opt/poky/5.0.12/sysroots/x86_64-pokysdk-linux/usr/lib/arm-poky-linux-gnueabi/gcc/arm-poky-linux-gnueabi/13.4.0/../../../../../arm-poky-linux-gnueabi/include"]
  ignore line: [#include "..." search starts here:]
  ignore line: [#include <...> search starts here:]
  ignore line: [ /opt/poky/5.0.12/sysroots/x86_64-pokysdk-linux/usr/lib/arm-poky-linux-gnueabi/gcc/arm-poky-linux-gnueabi/13.4.0/include]
  ignore line: [ /opt/poky/5.0.12/sysroots/x86_64-pokysdk-linux/usr/lib/arm-poky-linux-gnueabi/gcc/arm-poky-linux-gnueabi/13.4.0/include-fixed]
  ignore line: [ /opt/poky/5.0.12/sysroots/x86_64-pokysdk-linux/usr/share/cmake/../../../../../sysroots/cortexa7t2hf-neon-vfpv4-poky-linux-gnueabi/usr/include/]
  ignore line: [End of search list.]
  ignore line: [Compiler executable checksum: 9aad753c47ec866c966ae4b327ea08f3]
  ignore line: [COLLECT_GCC_OPTIONS='--sysroot=/opt/poky/5.0.12/sysroots/x86_64-pokysdk-linux/usr/share/cmake/../../../../../sysroots/cortexa7t2hf-neon-vfpv4-poky-linux-gnueabi' '-mthumb' '-mfpu=neon-vfpv4' '-mfloat-abi=hard' '-mcpu=cortex-a7' '-v' '-o' 'CMakeFiles/cmTC_1ebaa.dir/CMakeCCompilerABI.c.o' '-c' '-mtls-dialect=gnu' '-mlibarch=armv7ve+simd' '-march=armv7ve+simd' '-dumpdir' 'CMakeFiles/cmTC_1ebaa.dir/']
  ignore line: [ /opt/poky/5.0.12/sysroots/x86_64-pokysdk-linux/usr/libexec/arm-poky-linux-gnueabi/gcc/arm-poky-linux-gnueabi/13.4.0/as -v -march=armv7ve+simd -mfloat-abi=hard -mfpu=neon-vfpv4 -meabi=5 -o CMakeFiles/cmTC_1ebaa.dir/CMakeCCompilerABI.c.o /tmp/ccZs1k9L.s]
  ignore line: [GNU assembler version 2.42.0 (arm-poky-linux-gnueabi) using BFD version (GNU Binutils) 2.42.0.20240723]
  ignore line: [COMPILER_PATH=/opt/poky/5.0.12/sysroots/x86_64-pokysdk-linux/usr/libexec/arm-poky-linux-gnueabi/gcc/arm-poky-linux-gnueabi/13.4.0/:/opt/poky/5.0.12/sysroots/x86_64-pokysdk-linux/usr/libexec/arm-poky-linux-gnueabi/gcc/arm-poky-linux-gnueabi/13.4.0/:/opt/poky/5.0.12/sysroots/x86_64-pokysdk-linux/usr/libexec/arm-poky-linux-gnueabi/gcc/arm-poky-linux-gnueabi/:/opt/poky/5.0.12/sysroots/x86_64-pokysdk-linux/usr/lib/arm-poky-linux-gnueabi/gcc/arm-poky-linux-gnueabi/13.4.0/:/opt/poky/5.0.12/sysroots/x86_64-pokysdk-linux/usr/lib/arm-poky-linux-gnueabi/gcc/arm-poky-linux-gnueabi/]
  ignore line: [LIBRARY_PATH=/opt/poky/5.0.12/sysroots/x86_64-pokysdk-linux/usr/lib/arm-poky-linux-gnueabi/gcc/arm-poky-linux-gnueabi/13.4.0/:/opt/poky/5.0.12/sysroots/x86_64-pokysdk-linux/usr/share/cmake/../../../../../sysroots/cortexa7t2hf-neon-vfpv4-poky-linux-gnueabi/lib/arm-poky-linux-gnueabi/13.4.0/:/opt/poky/5.0.12/sysroots/x86_64-pokysdk-linux/usr/share/cmake/../../../../../sysroots/cortexa7t2hf-neon-vfpv4-poky-linux-gnueabi/lib/:/opt/poky/5.0.12/sysroots/x86_64-pokysdk-linux/usr/share/cmake/../../../../../sysroots/cortexa7t2hf-neon-vfpv4-poky-linux-gnueabi/usr/lib/arm-poky-linux-gnueabi/13.4.0/:/opt/poky/5.0.12/sysroots/x86_64-pokysdk-linux/usr/share/cmake/../../../../../sysroots/cortexa7t2hf-neon-vfpv4-poky-linux-gnueabi/usr/lib/]
  ignore line: [COLLECT_GCC_OPTIONS='--sysroot=/opt/poky/5.0.12/sysroots/x86_64-pokysdk-linux/usr/share/cmake/../../../../../sysroots/cortexa7t2hf-neon-vfpv4-poky-linux-gnueabi' '-mthumb' '-mfpu=neon-vfpv4' '-mfloat-abi=hard' '-mcpu=cortex-a7' '-v' '-o' 'CMakeFiles/cmTC_1ebaa.dir/CMakeCCompilerABI.c.o' '-c' '-mtls-dialect=gnu' '-mlibarch=armv7ve+simd' '-march=armv7ve+simd' '-dumpdir' 'CMakeFiles/cmTC_1ebaa.dir/CMakeCCompilerABI.c.']
  ignore line: [Linking C executable cmTC_1ebaa]
  ignore line: [/usr/bin/cmake -E cmake_link_script CMakeFiles/cmTC_1ebaa.dir/link.txt --verbose=1]
  ignore line: [/opt/poky/5.0.12/sysroots/x86_64-pokysdk-linux/usr/share/cmake/../../../../../sysroots/x86_64-pokysdk-linux/usr/bin/arm-poky-linux-gnueabi/arm-poky-linux-gnueabi-gcc --sysroot=/opt/poky/5.0.12/sysroots/x86_64-pokysdk-linux/usr/share/cmake/../../../../../sysroots/cortexa7t2hf-neon-vfpv4-poky-linux-gnueabi  -mthumb -mfpu=neon-vfpv4 -mfloat-abi=hard -mcpu=cortex-a7   -v -rdynamic CMakeFiles/cmTC_1ebaa.dir/CMakeCCompilerABI.c.o -o cmTC_1ebaa ]
  ignore line: [Using built-in specs.]
  ignore line: [COLLECT_GCC=/opt/poky/5.0.12/sysroots/x86_64-pokysdk-linux/usr/share/cmake/../../../../../sysroots/x86_64-pokysdk-linux/usr/bin/arm-poky-linux-gnueabi/arm-poky-linux-gnueabi-gcc]
  ignore line: [COLLECT_LTO_WRAPPER=/opt/poky/5.0.12/sysroots/x86_64-pokysdk-linux/usr/libexec/arm-poky-linux-gnueabi/gcc/arm-poky-linux-gnueabi/13.4.0/lto-wrapper]
  ignore line: [Target: arm-poky-linux-gnueabi]
  ignore line: [Configured with: ../../../../../../work-shared/gcc-13.4.0-r0/gcc-13.4.0/configure --build=x86_64-linux --host=x86_64-pokysdk-linux --target=arm-poky-linux-gnueabi --prefix=/usr/local/oe-sdk-hardcoded-buildpath/sysroots/x86_64-pokysdk-linux/usr --exec_prefix=/usr/local/oe-sdk-hardcoded-buildpath/sysroots/x86_64-pokysdk-linux/usr --bindir=/usr/local/oe-sdk-hardcoded-buildpath/sysroots/x86_64-pokysdk-linux/usr/bin/arm-poky-linux-gnueabi --sbindir=/usr/local/oe-sdk-hardcoded-buildpath/sysroots/x86_64-pokysdk-linux/usr/bin/arm-poky-linux-gnueabi --libexecdir=/usr/local/oe-sdk-hardcoded-buildpath/sysroots/x86_64-pokysdk-linux/usr/libexec/arm-poky-linux-gnueabi --datadir=/usr/local/oe-sdk-hardcoded-buildpath/sysroots/x86_64-pokysdk-linux/usr/share --sysconfdir=/usr/local/oe-sdk-hardcoded-buildpath/sysroots/x86_64-pokysdk-linux/etc --sharedstatedir=/usr/local/oe-sdk-hardcoded-buildpath/sysroots/x86_64-pokysdk-linux/com --localstatedir=/usr/local/oe-sdk-hardcoded-buildpath/sysroots/x86_64-pokysdk-linux/var --libdir=/usr/local/oe-sdk-hardcoded-buildpath/sysroots/x86_64-pokysdk-linux/usr/lib/arm-poky-linux-gnueabi --includedir=/usr/local/oe-sdk-hardcoded-buildpath/sysroots/x86_64-pokysdk-linux/usr/include --oldincludedir=/usr/local/oe-sdk-hardcoded-buildpath/sysroots/x86_64-pokysdk-linux/usr/include --infodir=/usr/local/oe-sdk-hardcoded-buildpath/sysroots/x86_64-pokysdk-linux/usr/share/info --mandir=/usr/local/oe-sdk-hardcoded-buildpath/sysroots/x86_64-pokysdk-linux/usr/share/man --disable-silent-rules --disable-dependency-tracking --with-libtool-sysroot=/host --with-gnu-ld --enable-shared --enable-languages=c,c++ --enable-threads=posix --enable-multilib --enable-default-pie --enable-c99 --enable-long-long --enable-symvers=gnu --enable-libstdcxx-pch --program-prefix=arm-poky-linux-gnueabi- --without-local-prefix --disable-install-libiberty --disable-libssp --enable-libitm --enable-lto --disable-bootstrap --with-system-zlib --with-linker-hash-style=gnu --enable-linker-build-id --with-ppl=no --with-cloog=no --enable-checking=release --enable-cheaders=c_global --without-isl --with-gxx-include-dir=/not/exist/usr/include/c++/13.4.0 --with-build-time-tools=/host-native/usr/arm-poky-linux-gnueabi/bin --with-sysroot=/not/exist --with-build-sysroot=/host --with-plugin-ld=ld --enable-poison-system-directories --disable-static --enable-nls --with-glibc-version=2.28 --enable-initfini-array]
  ignore line: [Thread model: posix]
  ignore line: [Supported LTO compression algorithms: zlib zstd]
  ignore line: [gcc version 13.4.0 (GCC) ]
  ignore line: [COMPILER_PATH=/opt/poky/5.0.12/sysroots/x86_64-pokysdk-linux/usr/libexec/arm-poky-linux-gnueabi/gcc/arm-poky-linux-gnueabi/13.4.0/:/opt/poky/5.0.12/sysroots/x86_64-pokysdk-linux/usr/libexec/arm-poky-linux-gnueabi/gcc/arm-poky-linux-gnueabi/13.4.0/:/opt/poky/5.0.12/sysroots/x86_64-pokysdk-linux/usr/libexec/arm-poky-linux-gnueabi/gcc/arm-poky-linux-gnueabi/:/opt/poky/5.0.12/sysroots/x86_64-pokysdk-linux/usr/lib/arm-poky-linux-gnueabi/gcc/arm-poky-linux-gnueabi/13.4.0/:/opt/poky/5.0.12/sysroots/x86_64-pokysdk-linux/usr/lib/arm-poky-linux-gnueabi/gcc/arm-poky-linux-gnueabi/]
  ignore line: [LIBRARY_PATH=/opt/poky/5.0.12/sysroots/x86_64-pokysdk-linux/usr/lib/arm-poky-linux-gnueabi/gcc/arm-poky-linux-gnueabi/13.4.0/:/opt/poky/5.0.12/sysroots/x86_64-pokysdk-linux/usr/share/cmake/../../../../../sysroots/cortexa7t2hf-neon-vfpv4-poky-linux-gnueabi/lib/arm-poky-linux-gnueabi/13.4.0/:/opt/poky/5.0.12/sysroots/x86_64-pokysdk-linux/usr/share/cmake/../../../../../sysroots/cortexa7t2hf-neon-vfpv4-poky-linux-gnueabi/lib/:/opt/poky/5.0.12/sysroots/x86_64-pokysdk-linux/usr/share/cmake/../../../../../sysroots/cortexa7t2hf-neon-vfpv4-poky-linux-gnueabi/usr/lib/arm-poky-linux-gnueabi/13.4.0/:/opt/poky/5.0.12/sysroots/x86_64-pokysdk-linux/usr/share/cmake/../../../../../sysroots/cortexa7t2hf-neon-vfpv4-poky-linux-gnueabi/usr/lib/]
  ignore line: [COLLECT_GCC_OPTIONS='--sysroot=/opt/poky/5.0.12/sysroots/x86_64-pokysdk-linux/usr/share/cmake/../../../../../sysroots/cortexa7t2hf-neon-vfpv4-poky-linux-gnueabi' '-mthumb' '-mfpu=neon-vfpv4' '-mfloat-abi=hard' '-mcpu=cortex-a7' '-v' '-rdynamic' '-o' 'cmTC_1ebaa' '-mtls-dialect=gnu' '-mlibarch=armv7ve+simd' '-march=armv7ve+simd' '-dumpdir' 'cmTC_1ebaa.']
  link line: [ /opt/poky/5.0.12/sysroots/x86_64-pokysdk-linux/usr/libexec/arm-poky-linux-gnueabi/gcc/arm-poky-linux-gnueabi/13.4.0/collect2 -plugin /opt/poky/5.0.12/sysroots/x86_64-pokysdk-linux/usr/libexec/arm-poky-linux-gnueabi/gcc/arm-poky-linux-gnueabi/13.4.0/liblto_plugin.so -plugin-opt=/opt/poky/5.0.12/sysroots/x86_64-pokysdk-linux/usr/libexec/arm-poky-linux-gnueabi/gcc/arm-poky-linux-gnueabi/13.4.0/lto-wrapper -plugin-opt=-fresolution=/tmp/ccfXghQL.res -plugin-opt=-pass-through=-lgcc -plugin-opt=-pass-through=-lgcc_s -plugin-opt=-pass-through=-lc -plugin-opt=-pass-through=-lgcc -plugin-opt=-pass-through=-lgcc_s --sysroot=/opt/poky/5.0.12/sysroots/x86_64-pokysdk-linux/usr/share/cmake/../../../../../sysroots/cortexa7t2hf-neon-vfpv4-poky-linux-gnueabi --build-id --eh-frame-hdr --hash-style=gnu -export-dynamic -dynamic-linker /lib/ld-linux-armhf.so.3 -X -m armelf_linux_eabi -pie -o cmTC_1ebaa /opt/poky/5.0.12/sysroots/x86_64-pokysdk-linux/usr/share/cmake/../../../../../sysroots/cortexa7t2hf-neon-vfpv4-poky-linux-gnueabi/lib/Scrt1.o /opt/poky/5.0.12/sysroots/x86_64-pokysdk-linux/usr/share/cmake/../../../../../sysroots/cortexa7t2hf-neon-vfpv4-poky-linux-gnueabi/lib/crti.o /opt/poky/5.0.12/sysroots/x86_64-pokysdk-linux/usr/share/cmake/../../../../../sysroots/cortexa7t2hf-neon-vfpv4-poky-linux-gnueabi/lib/arm-poky-linux-gnueabi/13.4.0/crtbeginS.o -L/opt/poky/5.0.12/sysroots/x86_64-pokysdk-linux/usr/lib/arm-poky-linux-gnueabi/gcc/arm-poky-linux-gnueabi/13.4.0 -L/opt/poky/5.0.12/sysroots/x86_64-pokysdk-linux/usr/share/cmake/../../../../../sysroots/cortexa7t2hf-neon-vfpv4-poky-linux-gnueabi/lib/arm-poky-linux-gnueabi/13.4.0 -L/opt/poky/5.0.12/sysroots/x86_64-pokysdk-linux/usr/share/cmake/../../../../../sysroots/cortexa7t2hf-neon-vfpv4-poky-linux-gnueabi/lib -L/opt/poky/5.0.12/sysroots/x86_64-pokysdk-linux/usr/share/cmake/../../../../../sysroots/cortexa7t2hf-neon-vfpv4-poky-linux-gnueabi/usr/lib/arm-poky-linux-gnueabi/13.4.0 -L/opt/poky/5.0.12/sysroots/x86_64-pokysdk-linux/usr/share/cmake/../../../../../sysroots/cortexa7t2hf-neon-vfpv4-poky-linux-gnueabi/usr/lib CMakeFiles/cmTC_1ebaa.dir/CMakeCCompilerABI.c.o -lgcc --push-state --as-needed -lgcc_s --pop-state -lc -lgcc --push-state --as-needed -lgcc_s --pop-state /opt/poky/5.0.12/sysroots/x86_64-pokysdk-linux/usr/share/cmake/../../../../../sysroots/cortexa7t2hf-neon-vfpv4-poky-linux-gnueabi/lib/arm-poky-linux-gnueabi/13.4.0/crtendS.o /opt/poky/5.0.12/sysroots/x86_64-pokysdk-linux/usr/share/cmake/../../../../../sysroots/cortexa7t2hf-neon-vfpv4-poky-linux-gnueabi/lib/crtn.o]
    arg [/opt/poky/5.0.12/sysroots/x86_64-pokysdk-linux/usr/libexec/arm-poky-linux-gnueabi/gcc/arm-poky-linux-gnueabi/13.4.0/collect2] ==> ignore
    arg [-plugin] ==> ignore
    arg [/opt/poky/5.0.12/sysroots/x86_64-pokysdk-linux/usr/libexec/arm-poky-linux-gnueabi/gcc/arm-poky-linux-gnueabi/13.4.0/liblto_plugin.so] ==> ignore
    arg [-plugin-opt=/opt/poky/5.0.12/sysroots/x86_64-pokysdk-linux/usr/libexec/arm-poky-linux-gnueabi/gcc/arm-poky-linux-gnueabi/13.4.0/lto-wrapper] ==> ignore
    arg [-plugin-opt=-fresolution=/tmp/ccfXghQL.res] ==> ignore
    arg [-plugin-opt=-pass-through=-lgcc] ==> ignore
    arg [-plugin-opt=-pass-through=-lgcc_s] ==> ignore
    arg [-plugin-opt=-pass-through=-lc] ==> ignore
    arg [-plugin-opt=-pass-through=-lgcc] ==> ignore
    arg [-plugin-opt=-pass-through=-lgcc_s] ==> ignore
    arg [--sysroot=/opt/poky/5.0.12/sysroots/x86_64-pokysdk-linux/usr/share/cmake/../../../../../sysroots/cortexa7t2hf-neon-vfpv4-poky-linux-gnueabi] ==> ignore
    arg [--build-id] ==> ignore
    arg [--eh-frame-hdr] ==> ignore
    arg [--hash-style=gnu] ==> ignore
    arg [-export-dynamic] ==> ignore
    arg [-dynamic-linker] ==> ignore
    arg [/lib/ld-linux-armhf.so.3] ==> ignore
    arg [-X] ==> ignore
    arg [-m] ==> ignore
    arg [armelf_linux_eabi] ==> ignore
    arg [-pie] ==> ignore
    arg [-o] ==> ignore
    arg [cmTC_1ebaa] ==> ignore
    arg [/opt/poky/5.0.12/sysroots/x86_64-pokysdk-linux/usr/share/cmake/../../../../../sysroots/cortexa7t2hf-neon-vfpv4-poky-linux-gnueabi/lib/Scrt1.o] ==> obj [/opt/poky/5.0.12/sysroots/x86_64-pokysdk-linux/usr/share/cmake/../../../../../sysroots/cortexa7t2hf-neon-vfpv4-poky-linux-gnueabi/lib/Scrt1.o]
    arg [/opt/poky/5.0.12/sysroots/x86_64-pokysdk-linux/usr/share/cmake/../../../../../sysroots/cortexa7t2hf-neon-vfpv4-poky-linux-gnueabi/lib/crti.o] ==> obj [/opt/poky/5.0.12/sysroots/x86_64-pokysdk-linux/usr/share/cmake/../../../../../sysroots/cortexa7t2hf-neon-vfpv4-poky-linux-gnueabi/lib/crti.o]
    arg [/opt/poky/5.0.12/sysroots/x86_64-pokysdk-linux/usr/share/cmake/../../../../../sysroots/cortexa7t2hf-neon-vfpv4-poky-linux-gnueabi/lib/arm-poky-linux-gnueabi/13.4.0/crtbeginS.o] ==> obj [/opt/poky/5.0.12/sysroots/x86_64-pokysdk-linux/usr/share/cmake/../../../../../sysroots/cortexa7t2hf-neon-vfpv4-poky-linux-gnueabi/lib/arm-poky-linux-gnueabi/13.4.0/crtbeginS.o]
    arg [-L/opt/poky/5.0.12/sysroots/x86_64-pokysdk-linux/usr/lib/arm-poky-linux-gnueabi/gcc/arm-poky-linux-gnueabi/13.4.0] ==> dir [/opt/poky/5.0.12/sysroots/x86_64-pokysdk-linux/usr/lib/arm-poky-linux-gnueabi/gcc/arm-poky-linux-gnueabi/13.4.0]
    arg [-L/opt/poky/5.0.12/sysroots/x86_64-pokysdk-linux/usr/share/cmake/../../../../../sysroots/cortexa7t2hf-neon-vfpv4-poky-linux-gnueabi/lib/arm-poky-linux-gnueabi/13.4.0] ==> dir [/opt/poky/5.0.12/sysroots/x86_64-pokysdk-linux/usr/share/cmake/../../../../../sysroots/cortexa7t2hf-neon-vfpv4-poky-linux-gnueabi/lib/arm-poky-linux-gnueabi/13.4.0]
    arg [-L/opt/poky/5.0.12/sysroots/x86_64-pokysdk-linux/usr/share/cmake/../../../../../sysroots/cortexa7t2hf-neon-vfpv4-poky-linux-gnueabi/lib] ==> dir [/opt/poky/5.0.12/sysroots/x86_64-pokysdk-linux/usr/share/cmake/../../../../../sysroots/cortexa7t2hf-neon-vfpv4-poky-linux-gnueabi/lib]
    arg [-L/opt/poky/5.0.12/sysroots/x86_64-pokysdk-linux/usr/share/cmake/../../../../../sysroots/cortexa7t2hf-neon-vfpv4-poky-linux-gnueabi/usr/lib/arm-poky-linux-gnueabi/13.4.0] ==> dir [/opt/poky/5.0.12/sysroots/x86_64-pokysdk-linux/usr/share/cmake/../../../../../sysroots/cortexa7t2hf-neon-vfpv4-poky-linux-gnueabi/usr/lib/arm-poky-linux-gnueabi/13.4.0]
    arg [-L/opt/poky/5.0.12/sysroots/x86_64-pokysdk-linux/usr/share/cmake/../../../../../sysroots/cortexa7t2hf-neon-vfpv4-poky-linux-gnueabi/usr/lib] ==> dir [/opt/poky/5.0.12/sysroots/x86_64-pokysdk-linux/usr/share/cmake/../../../../../sysroots/cortexa7t2hf-neon-vfpv4-poky-linux-gnueabi/usr/lib]
    arg [CMakeFiles/cmTC_1ebaa.dir/CMakeCCompilerABI.c.o] ==> ignore
    arg [-lgcc] ==> lib [gcc]
    arg [--push-state] ==> ignore
    arg [--as-needed] ==> ignore
    arg [-lgcc_s] ==> lib [gcc_s]
    arg [--pop-state] ==> ignore
    arg [-lc] ==> lib [c]
    arg [-lgcc] ==> lib [gcc]
    arg [--push-state] ==> ignore
    arg [--as-needed] ==> ignore
    arg [-lgcc_s] ==> lib [gcc_s]
    arg [--pop-state] ==> ignore
    arg [/opt/poky/5.0.12/sysroots/x86_64-pokysdk-linux/usr/share/cmake/../../../../../sysroots/cortexa7t2hf-neon-vfpv4-poky-linux-gnueabi/lib/arm-poky-linux-gnueabi/13.4.0/crtendS.o] ==> obj [/opt/poky/5.0.12/sysroots/x86_64-pokysdk-linux/usr/share/cmake/../../../../../sysroots/cortexa7t2hf-neon-vfpv4-poky-linux-gnueabi/lib/arm-poky-linux-gnueabi/13.4.0/crtendS.o]
    arg [/opt/poky/5.0.12/sysroots/x86_64-pokysdk-linux/usr/share/cmake/../../../../../sysroots/cortexa7t2hf-neon-vfpv4-poky-linux-gnueabi/lib/crtn.o] ==> obj [/opt/poky/5.0.12/sysroots/x86_64-pokysdk-linux/usr/share/cmake/../../../../../sysroots/cortexa7t2hf-neon-vfpv4-poky-linux-gnueabi/lib/crtn.o]
  collapse obj [/opt/poky/5.0.12/sysroots/x86_64-pokysdk-linux/usr/share/cmake/../../../../../sysroots/cortexa7t2hf-neon-vfpv4-poky-linux-gnueabi/lib/Scrt1.o] ==> [/opt/poky/5.0.12/sysroots/cortexa7t2hf-neon-vfpv4-poky-linux-gnueabi/lib/Scrt1.o]
  collapse obj [/opt/poky/5.0.12/sysroots/x86_64-pokysdk-linux/usr/share/cmake/../../../../../sysroots/cortexa7t2hf-neon-vfpv4-poky-linux-gnueabi/lib/crti.o] ==> [/opt/poky/5.0.12/sysroots/cortexa7t2hf-neon-vfpv4-poky-linux-gnueabi/lib/crti.o]
  collapse obj [/opt/poky/5.0.12/sysroots/x86_64-pokysdk-linux/usr/share/cmake/../../../../../sysroots/cortexa7t2hf-neon-vfpv4-poky-linux-gnueabi/lib/arm-poky-linux-gnueabi/13.4.0/crtbeginS.o] ==> [/opt/poky/5.0.12/sysroots/cortexa7t2hf-neon-vfpv4-poky-linux-gnueabi/lib/arm-poky-linux-gnueabi/13.4.0/crtbeginS.o]
  collapse obj [/opt/poky/5.0.12/sysroots/x86_64-pokysdk-linux/usr/share/cmake/../../../../../sysroots/cortexa7t2hf-neon-vfpv4-poky-linux-gnueabi/lib/arm-poky-linux-gnueabi/13.4.0/crtendS.o] ==> [/opt/poky/5.0.12/sysroots/cortexa7t2hf-neon-vfpv4-poky-linux-gnueabi/lib/arm-poky-linux-gnueabi/13.4.0/crtendS.o]
  collapse obj [/opt/poky/5.0.12/sysroots/x86_64-pokysdk-linux/usr/share/cmake/../../../../../sysroots/cortexa7t2hf-neon-vfpv4-poky-linux-gnueabi/lib/crtn.o] ==> [/opt/poky/5.0.12/sysroots/cortexa7t2hf-neon-vfpv4-poky-linux-gnueabi/lib/crtn.o]
  collapse library dir [/opt/poky/5.0.12/sysroots/x86_64-pokysdk-linux/usr/lib/arm-poky-linux-gnueabi/gcc/arm-poky-linux-gnueabi/13.4.0] ==> [/opt/poky/5.0.12/sysroots/x86_64-pokysdk-linux/usr/lib/arm-poky-linux-gnueabi/gcc/arm-poky-linux-gnueabi/13.4.0]
  collapse library dir [/opt/poky/5.0.12/sysroots/x86_64-pokysdk-linux/usr/share/cmake/../../../../../sysroots/cortexa7t2hf-neon-vfpv4-poky-linux-gnueabi/lib/arm-poky-linux-gnueabi/13.4.0] ==> [/opt/poky/5.0.12/sysroots/cortexa7t2hf-neon-vfpv4-poky-linux-gnueabi/lib/arm-poky-linux-gnueabi/13.4.0]
  collapse library dir [/opt/poky/5.0.12/sysroots/x86_64-pokysdk-linux/usr/share/cmake/../../../../../sysroots/cortexa7t2hf-neon-vfpv4-poky-linux-gnueabi/lib] ==> [/opt/poky/5.0.12/sysroots/cortexa7t2hf-neon-vfpv4-poky-linux-gnueabi/lib]
  collapse library dir [/opt/poky/5.0.12/sysroots/x86_64-pokysdk-linux/usr/share/cmake/../../../../../sysroots/cortexa7t2hf-neon-vfpv4-poky-linux-gnueabi/usr/lib/arm-poky-linux-gnueabi/13.4.0] ==> [/opt/poky/5.0.12/sysroots/cortexa7t2hf-neon-vfpv4-poky-linux-gnueabi/usr/lib/arm-poky-linux-gnueabi/13.4.0]
  collapse library dir [/opt/poky/5.0.12/sysroots/x86_64-pokysdk-linux/usr/share/cmake/../../../../../sysroots/cortexa7t2hf-neon-vfpv4-poky-linux-gnueabi/usr/lib] ==> [/opt/poky/5.0.12/sysroots/cortexa7t2hf-neon-vfpv4-poky-linux-gnueabi/usr/lib]
  implicit libs: [gcc;gcc_s;c;gcc;gcc_s]
  implicit objs: [/opt/poky/5.0.12/sysroots/cortexa7t2hf-neon-vfpv4-poky-linux-gnueabi/lib/Scrt1.o;/opt/poky/5.0.12/sysroots/cortexa7t2hf-neon-vfpv4-poky-linux-gnueabi/lib/crti.o;/opt/poky/5.0.12/sysroots/cortexa7t2hf-neon-vfpv4-poky-linux-gnueabi/lib/arm-poky-linux-gnueabi/13.4.0/crtbeginS.o;/opt/poky/5.0.12/sysroots/cortexa7t2hf-neon-vfpv4-poky-linux-gnueabi/lib/arm-poky-linux-gnueabi/13.4.0/crtendS.o;/opt/poky/5.0.12/sysroots/cortexa7t2hf-neon-vfpv4-poky-linux-gnueabi/lib/crtn.o]
  implicit dirs: [/opt/poky/5.0.12/sysroots/x86_64-pokysdk-linux/usr/lib/arm-poky-linux-gnueabi/gcc/arm-poky-linux-gnueabi/13.4.0;/opt/poky/5.0.12/sysroots/cortexa7t2hf-neon-vfpv4-poky-linux-gnueabi/lib/arm-poky-linux-gnueabi/13.4.0;/opt/poky/5.0.12/sysroots/cortexa7t2hf-neon-vfpv4-poky-linux-gnueabi/lib;/opt/poky/5.0.12/sysroots/cortexa7t2hf-neon-vfpv4-poky-linux-gnueabi/usr/lib/arm-poky-linux-gnueabi/13.4.0;/opt/poky/5.0.12/sysroots/cortexa7t2hf-neon-vfpv4-poky-linux-gnueabi/usr/lib]
  implicit fwks: []


Detecting CXX compiler ABI info compiled with the following output:
Change Dir: /home/alexis/Documents/Tec/Empotrados/Proyecto_1/RemoteCar-Embedded/libraries/build-arm/CMakeFiles/CMakeTmp

Run Build Command(s):/usr/bin/gmake -f Makefile cmTC_2908e/fast && /usr/bin/gmake  -f CMakeFiles/cmTC_2908e.dir/build.make CMakeFiles/cmTC_2908e.dir/build
gmake[1]: Entering directory '/home/alexis/Documents/Tec/Empotrados/Proyecto_1/RemoteCar-Embedded/libraries/build-arm/CMakeFiles/CMakeTmp'
Building CXX object CMakeFiles/cmTC_2908e.dir/CMakeCXXCompilerABI.cpp.o
/opt/poky/5.0.12/sysroots/x86_64-pokysdk-linux/usr/share/cmake/../../../../../sysroots/x86_64-pokysdk-linux/usr/bin/arm-poky-linux-gnueabi/arm-poky-linux-gnueabi-g++ --sysroot=/opt/poky/5.0.12/sysroots/x86_64-pokysdk-linux/usr/share/cmake/../../../../../sysroots/cortexa7t2hf-neon-vfpv4-poky-linux-gnueabi   -mthumb -mfpu=neon-vfpv4 -mfloat-abi=hard -mcpu=cortex-a7    -v -o CMakeFiles/cmTC_2908e.dir/CMakeCXXCompilerABI.cpp.o -c /usr/share/cmake-3.22/Modules/CMakeCXXCompilerABI.cpp
Using built-in specs.
COLLECT_GCC=/opt/poky/5.0.12/sysroots/x86_64-pokysdk-linux/usr/share/cmake/../../../../../sysroots/x86_64-pokysdk-linux/usr/bin/arm-poky-linux-gnueabi/arm-poky-linux-gnueabi-g++
Target: arm-poky-linux-gnueabi
Configured with: ../../../../../../work-shared/gcc-13.4.0-r0/gcc-13.4.0/configure --build=x86_64-linux --host=x86_64-pokysdk-linux --target=arm-poky-linux-gnueabi --prefix=/usr/local/oe-sdk-hardcoded-buildpath/sysroots/x86_64-pokysdk-linux/usr --exec_prefix=/usr/local/oe-sdk-hardcoded-buildpath/sysroots/x86_64-pokysdk-linux/usr --bindir=/usr/local/oe-sdk-hardcoded-buildpath/sysroots/x86_64-pokysdk-linux/usr/bin/arm-poky-linux-gnueabi --sbindir=/usr/local/oe-sdk-hardcoded-buildpath/sysroots/x86_64-pokysdk-linux/usr/bin/arm-poky-linux-gnueabi --libexecdir=/usr/local/oe-sdk-hardcoded-buildpath/sysroots/x86_64-pokysdk-linux/usr/libexec/arm-poky-linux-gnueabi --datadir=/usr/local/oe-sdk-hardcoded-buildpath/sysroots/x86_64-pokysdk-linux/usr/share --sysconfdir=/usr/local/oe-sdk-hardcoded-buildpath/sysroots/x86_64-pokysdk-linux/etc --sharedstatedir=/usr/local/oe-sdk-hardcoded-buildpath/sysroots/x86_64-pokysdk-linux/com --localstatedir=/usr/local/oe-sdk-hardcoded-buildpath/sysroots/x86_64-pokysdk-linux/var --libdir=/usr/local/oe-sdk-hardcoded-buildpath/sysroots/x86_64-pokysdk-linux/usr/lib/arm-poky-linux-gnueabi --includedir=/usr/local/oe-sdk-hardcoded-buildpath/sysroots/x86_64-pokysdk-linux/usr/include --oldincludedir=/usr/local/oe-sdk-hardcoded-buildpath/sysroots/x86_64-pokysdk-linux/usr/include --infodir=/usr/local/oe-sdk-hardcoded-buildpath/sysroots/x86_64-pokysdk-linux/usr/share/info --mandir=/usr/local/oe-sdk-hardcoded-buildpath/sysroots/x86_64-pokysdk-linux/usr/share/man --disable-silent-rules --disable-dependency-tracking --with-libtool-sysroot=/host --with-gnu-ld --enable-shared --enable-languages=c,c++ --enable-threads=posix --enable-multilib --enable-default-pie --enable-c99 --enable-long-long --enable-symvers=gnu --enable-libstdcxx-pch --program-prefix=arm-poky-linux-gnueabi- --without-local-prefix --disable-install-libiberty --disable-libssp --enable-libitm --enable-lto --disable-bootstrap --with-system-zlib --with-linker-hash-style=gnu --enable-linker-build-id --with-ppl=no --with-cloog=no --enable-checking=release --enable-cheaders=c_global --without-isl --with-gxx-include-dir=/not/exist/usr/include/c++/13.4.0 --with-build-time-tools=/host-native/usr/arm-poky-linux-gnueabi/bin --with-sysroot=/not/exist --with-build-sysroot=/host --with-plugin-ld=ld --enable-poison-system-directories --disable-static --enable-nls --with-glibc-version=2.28 --enable-initfini-array
Thread model: posix
Supported LTO compression algorithms: zlib zstd
gcc version 13.4.0 (GCC) 
COLLECT_GCC_OPTIONS='--sysroot=/opt/poky/5.0.12/sysroots/x86_64-pokysdk-linux/usr/share/cmake/../../../../../sysroots/cortexa7t2hf-neon-vfpv4-poky-linux-gnueabi' '-mthumb' '-mfpu=neon-vfpv4' '-mfloat-abi=hard' '-mcpu=cortex-a7' '-v' '-o' 'CMakeFiles/cmTC_2908e.dir/CMakeCXXCompilerABI.cpp.o' '-c' '-shared-libgcc' '-mtls-dialect=gnu' '-mlibarch=armv7ve+simd' '-march=armv7ve+simd' '-dumpdir' 'CMakeFiles/cmTC_2908e.dir/'
 /opt/poky/5.0.12/sysroots/x86_64-pokysdk-linux/usr/libexec/arm-poky-linux-gnueabi/gcc/arm-poky-linux-gnueabi/13.4.0/cc1plus -quiet -v -isysroot /opt/poky/5.0.12/sysroots/x86_64-pokysdk-linux/usr/share/cmake/../../../../../sysroots/cortexa7t2hf-neon-vfpv4-poky-linux-gnueabi -D_GNU_SOURCE /usr/share/cmake-3.22/Modules/CMakeCXXCompilerABI.cpp -quiet -dumpdir CMakeFiles/cmTC_2908e.dir/ -dumpbase CMakeCXXCompilerABI.cpp.cpp -dumpbase-ext .cpp -mthumb -mfpu=neon-vfpv4 -mfloat-abi=hard -mcpu=cortex-a7 -mtls-dialect=gnu -mlibarch=armv7ve+simd -march=armv7ve+simd -version -o /tmp/ccYmX30k.s
GNU C++17 (GCC) version 13.4.0 (arm-poky-linux-gnueabi)
	compiled by GNU C version 13.4.0, GMP version 6.3.0, MPFR version 4.2.1, MPC version 1.3.1, isl version none
GGC heuristics: --param ggc-min-expand=100 --param ggc-min-heapsize=131072
ignoring nonexistent directory "/opt/poky/5.0.12/sysroots/x86_64-pokysdk-linux/usr/share/cmake/../../../../../sysroots/cortexa7t2hf-neon-vfpv4-poky-linux-gnueabi/usr/lib/arm-poky-linux-gnueabi/13.4.0/include"
ignoring nonexistent directory "/opt/poky/5.0.12/sysroots/x86_64-pokysdk-linux/usr/share/cmake/../../../../../sysroots/cortexa7t2hf-neon-vfpv4-poky-linux-gnueabi/usr/local/include"
ignoring nonexistent directory "/opt/poky/5.0.12/sysroots/x86_64-pokysdk-linux/usr/lib/arm-poky-linux-gnueabi/gcc/arm-poky-linux-gnueabi/13.4.0/../../../../../arm-poky-linux-gnueabi/include"
#include "..." search starts here:
#include <...> search starts here:
 /opt/poky/5.0.12/sysroots/x86_64-pokysdk-linux/usr/share/cmake/../../../../../sysroots/cortexa7t2hf-neon-vfpv4-poky-linux-gnueabi/usr/include/c++/13.4.0
 /opt/poky/5.0.12/sysroots/x86_64-pokysdk-linux/usr/share/cmake/../../../../../sysroots/cortexa7t2hf-neon-vfpv4-poky-linux-gnueabi/usr/include/c++/13.4.0/arm-poky-linux-gnueabi
 /opt/poky/5.0.12/sysroots/x86_64-pokysdk-linux/usr/share/cmake/../../../../../sysroots/cortexa7t2hf-neon-vfpv4-poky-linux-gnueabi/usr/include/c++/13.4.0/backward
 /opt/poky/5.0.12/sysroots/x86_64-pokysdk-linux/usr/lib/arm-poky-linux-gnueabi/gcc/arm-poky-linux-gnueabi/13.4.0/include
 /opt/poky/5.0.12/sysroots/x86_64-pokysdk-linux/usr/lib/arm-poky-linux-gnueabi/gcc/arm-poky-linux-gnueabi/13.4.0/include-fixed
 /opt/poky/5.0.12/sysroots/x86_64-pokysdk-linux/usr/share/cmake/../../../../../sysroots/cortexa7t2hf-neon-vfpv4-poky-linux-gnueabi/usr/include/
End of search list.
Compiler executable checksum: c85bbb83aed1c5106aa9771fc71d3431
COLLECT_GCC_OPTIONS='--sysroot=/opt/poky/5.0.12/sysroots/x86_64-pokysdk-linux/usr/share/cmake/../../../../../sysroots/cortexa7t2hf-neon-vfpv4-poky-linux-gnueabi' '-mthumb' '-mfpu=neon-vfpv4' '-mfloat-abi=hard' '-mcpu=cortex-a7' '-v' '-o' 'CMakeFiles/cmTC_2908e.dir/CMakeCXXCompilerABI.cpp.o' '-c' '-shared-libgcc' '-mtls-dialect=gnu' '-mlibarch=armv7ve+simd' '-march=armv7ve+simd' '-dumpdir' 'CMakeFiles/cmTC_2908e.dir/'
 /opt/poky/5.0.12/sysroots/x86_64-pokysdk-linux/usr/libexec/arm-poky-linux-gnueabi/gcc/arm-poky-linux-gnueabi/13.4.0/as -v -march=armv7ve+simd -mfloat-abi=hard -mfpu=neon-vfpv4 -meabi=5 -o CMakeFiles/cmTC_2908e.dir/CMakeCXXCompilerABI.cpp.o /tmp/ccYmX30k.s
GNU assembler version 2.42.0 (arm-poky-linux-gnueabi) using BFD version (GNU Binutils) 2.42.0.20240723
COMPILER_PATH=/opt/poky/5.0.12/sysroots/x86_64-pokysdk-linux/usr/libexec/arm-poky-linux-gnueabi/gcc/arm-poky-linux-gnueabi/13.4.0/:/opt/poky/5.0.12/sysroots/x86_64-pokysdk-linux/usr/libexec/arm-poky-linux-gnueabi/gcc/arm-poky-linux-gnueabi/13.4.0/:/opt/poky/5.0.12/sysroots/x86_64-pokysdk-linux/usr/libexec/arm-poky-linux-gnueabi/gcc/arm-poky-linux-gnueabi/:/opt/poky/5.0.12/sysroots/x86_64-pokysdk-linux/usr/lib/arm-poky-linux-gnueabi/gcc/arm-poky-linux-gnueabi/13.4.0/:/opt/poky/5.0.12/sysroots/x86_64-pokysdk-linux/usr/lib/arm-poky-linux-gnueabi/gcc/arm-poky-linux-gnueabi/
LIBRARY_PATH=/opt/poky/5.0.12/sysroots/x86_64-pokysdk-linux/usr/lib/arm-poky-linux-gnueabi/gcc/arm-poky-linux-gnueabi/13.4.0/:/opt/poky/5.0.12/sysroots/x86_64-pokysdk-linux/usr/share/cmake/../../../../../sysroots/cortexa7t2hf-neon-vfpv4-poky-linux-gnueabi/lib/arm-poky-linux-gnueabi/13.4.0/:/opt/poky/5.0.12/sysroots/x86_64-pokysdk-linux/usr/share/cmake/../../../../../sysroots/cortexa7t2hf-neon-vfpv4-poky-linux-gnueabi/lib/:/opt/poky/5.0.12/sysroots/x86_64-pokysdk-linux/usr/share/cmake/../../../../../sysroots/cortexa7t2hf-neon-vfpv4-poky-linux-gnueabi/usr/lib/arm-poky-linux-gnueabi/13.4.0/:/opt/poky/5.0.12/sysroots/x86_64-pokysdk-linux/usr/share/cmake/../../../../../sysroots/cortexa7t2hf-neon-vfpv4-poky-linux-gnueabi/usr/lib/
COLLECT_GCC_OPTIONS='--sysroot=/opt/poky/5.0.12/sysroots/x86_64-pokysdk-linux/usr/share/cmake/../../../../../sysroots/cortexa7t2hf-neon-vfpv4-poky-linux-gnueabi' '-mthumb' '-mfpu=neon-vfpv4' '-mfloat-abi=hard' '-mcpu=cortex-a7' '-v' '-o' 'CMakeFiles/cmTC_2908e.dir/CMakeCXXCompilerABI.cpp.o' '-c' '-shared-libgcc' '-mtls-dialect=gnu' '-mlibarch=armv7ve+simd' '-march=armv7ve+simd' '-dumpdir' 'CMakeFiles/cmTC_2908e.dir/CMakeCXXCompilerABI.cpp.'
Linking CXX executable cmTC_2908e
/usr/bin/cmake -E cmake_link_script CMakeFiles/cmTC_2908e.dir/link.txt --verbose=1
/opt/poky/5.0.12/sysroots/x86_64-pokysdk-linux/usr/share/cmake/../../../../../sysroots/x86_64-pokysdk-linux/usr/bin/arm-poky-linux-gnueabi/arm-poky-linux-gnueabi-g++ --sysroot=/opt/poky/5.0.12/sysroots/x86_64-pokysdk-linux/usr/share/cmake/../../../../../sysroots/cortexa7t2hf-neon-vfpv4-poky-linux-gnueabi  -mthumb -mfpu=neon-vfpv4 -mfloat-abi=hard -mcpu=cortex-a7   -v -rdynamic CMakeFiles/cmTC_2908e.dir/CMakeCXXCompilerABI.cpp.o -o cmTC_2908e 
Using built-in specs.
COLLECT_GCC=/opt/poky/5.0.12/sysroots/x86_64-pokysdk-linux/usr/share/cmake/../../../../../sysroots/x86_64-pokysdk-linux/usr/bin/arm-poky-linux-gnueabi/arm-poky-linux-gnueabi-g++
COLLECT_LTO_WRAPPER=/opt/poky/5.0.12/sysroots/x86_64-pokysdk-linux/usr/libexec/arm-poky-linux-gnueabi/gcc/arm-poky-linux-gnueabi/13.4.0/lto-wrapper
Target: arm-poky-linux-gnueabi
Configured with: ../../../../../../work-shared/gcc-13.4.0-r0/gcc-13.4.0/configure --build=x86_64-linux --host=x86_64-pokysdk-linux --target=arm-poky-linux-gnueabi --prefix=/usr/local/oe-sdk-hardcoded-buildpath/sysroots/x86_64-pokysdk-linux/usr --exec_prefix=/usr/local/oe-sdk-hardcoded-buildpath/sysroots/x86_64-pokysdk-linux/usr --bindir=/usr/local/oe-sdk-hardcoded-buildpath/sysroots/x86_64-pokysdk-linux/usr/bin/arm-poky-linux-gnueabi --sbindir=/usr/local/oe-sdk-hardcoded-buildpath/sysroots/x86_64-pokysdk-linux/usr/bin/arm-poky-linux-gnueabi --libexecdir=/usr/local/oe-sdk-hardcoded-buildpath/sysroots/x86_64-pokysdk-linux/usr/libexec/arm-poky-linux-gnueabi --datadir=/usr/local/oe-sdk-hardcoded-buildpath/sysroots/x86_64-pokysdk-linux/usr/share --sysconfdir=/usr/local/oe-sdk-hardcoded-buildpath/sysroots/x86_64-pokysdk-linux/etc --sharedstatedir=/usr/local/oe-sdk-hardcoded-buildpath/sysroots/x86_64-pokysdk-linux/com --localstatedir=/usr/local/oe-sdk-hardcoded-buildpath/sysroots/x86_64-pokysdk-linux/var --libdir=/usr/local/oe-sdk-hardcoded-buildpath/sysroots/x86_64-pokysdk-linux/usr/lib/arm-poky-linux-gnueabi --includedir=/usr/local/oe-sdk-hardcoded-buildpath/sysroots/x86_64-pokysdk-linux/usr/include --oldincludedir=/usr/local/oe-sdk-hardcoded-buildpath/sysroots/x86_64-pokysdk-linux/usr/include --infodir=/usr/local/oe-sdk-hardcoded-buildpath/sysroots/x86_64-pokysdk-linux/usr/share/info --mandir=/usr/local/oe-sdk-hardcoded-buildpath/sysroots/x86_64-pokysdk-linux/usr/share/man --disable-silent-rules --disable-dependency-tracking --with-libtool-sysroot=/host --with-gnu-ld --enable-shared --enable-languages=c,c++ --enable-threads=posix --enable-multilib --enable-default-pie --enable-c99 --enable-long-long --enable-symvers=gnu --enable-libstdcxx-pch --program-prefix=arm-poky-linux-gnueabi- --without-local-prefix --disable-install-libiberty --disable-libssp --enable-libitm --enable-lto --disable-bootstrap --with-system-zlib --with-linker-hash-style=gnu --enable-linker-build-id --with-ppl=no --with-cloog=no --enable-checking=release --enable-cheaders=c_global --without-isl --with-gxx-include-dir=/not/exist/usr/include/c++/13.4.0 --with-build-time-tools=/host-native/usr/arm-poky-linux-gnueabi/bin --with-sysroot=/not/exist --with-build-sysroot=/host --with-plugin-ld=ld --enable-poison-system-directories --disable-static --enable-nls --with-glibc-version=2.28 --enable-initfini-array
Thread model: posix
Supported LTO compression algorithms: zlib zstd
gcc version 13.4.0 (GCC) 
COMPILER_PATH=/opt/poky/5.0.12/sysroots/x86_64-pokysdk-linux/usr/libexec/arm-poky-linux-gnueabi/gcc/arm-poky-linux-gnueabi/13.4.0/:/opt/poky/5.0.12/sysroots/x86_64-pokysdk-linux/usr/libexec/arm-poky-linux-gnueabi/gcc/arm-poky-linux-gnueabi/13.4.0/:/opt/poky/5.0.12/sysroots/x86_64-pokysdk-linux/usr/libexec/arm-poky-linux-gnueabi/gcc/arm-poky-linux-gnueabi/:/opt/poky/5.0.12/sysroots/x86_64-pokysdk-linux/usr/lib/arm-poky-linux-gnueabi/gcc/arm-poky-linux-gnueabi/13.4.0/:/opt/poky/5.0.12/sysroots/x86_64-pokysdk-linux/usr/lib/arm-poky-linux-gnueabi/gcc/arm-poky-linux-gnueabi/
LIBRARY_PATH=/opt/poky/5.0.12/sysroots/x86_64-pokysdk-linux/usr/lib/arm-poky-linux-gnueabi/gcc/arm-poky-linux-gnueabi/13.4.0/:/opt/poky/5.0.12/sysroots/x86_64-pokysdk-linux/usr/share/cmake/../../../../../sysroots/cortexa7t2hf-neon-vfpv4-poky-linux-gnueabi/lib/arm-poky-linux-gnueabi/13.4.0/:/opt/poky/5.0.12/sysroots/x86_64-pokysdk-linux/usr/share/cmake/../../../../../sysroots/cortexa7t2hf-neon-vfpv4-poky-linux-gnueabi/lib/:/opt/poky/5.0.12/sysroots/x86_64-pokysdk-linux/usr/share/cmake/../../../../../sysroots/cortexa7t2hf-neon-vfpv4-poky-linux-gnueabi/usr/lib/arm-poky-linux-gnueabi/13.4.0/:/opt/poky/5.0.12/sysroots/x86_64-pokysdk-linux/usr/share/cmake/../../../../../sysroots/cortexa7t2hf-neon-vfpv4-poky-linux-gnueabi/usr/lib/
COLLECT_GCC_OPTIONS='--sysroot=/opt/poky/5.0.12/sysroots/x86_64-pokysdk-linux/usr/share/cmake/../../../../../sysroots/cortexa7t2hf-neon-vfpv4-poky-linux-gnueabi' '-mthumb' '-mfpu=neon-vfpv4' '-mfloat-abi=hard' '-mcpu=cortex-a7' '-v' '-rdynamic' '-o' 'cmTC_2908e' '-shared-libgcc' '-mtls-dialect=gnu' '-mlibarch=armv7ve+simd' '-march=armv7ve+simd' '-dumpdir' 'cmTC_2908e.'
 /opt/poky/5.0.12/sysroots/x86_64-pokysdk-linux/usr/libexec/arm-poky-linux-gnueabi/gcc/arm-poky-linux-gnueabi/13.4.0/collect2 -plugin /opt/poky/5.0.12/sysroots/x86_64-pokysdk-linux/usr/libexec/arm-poky-linux-gnueabi/gcc/arm-poky-linux-gnueabi/13.4.0/liblto_plugin.so -plugin-opt=/opt/poky/5.0.12/sysroots/x86_64-pokysdk-linux/usr/libexec/arm-poky-linux-gnueabi/gcc/arm-poky-linux-gnueabi/13.4.0/lto-wrapper -plugin-opt=-fresolution=/tmp/ccGWjJnf.res -plugin-opt=-pass-through=-lgcc_s -plugin-opt=-pass-through=-lgcc -plugin-opt=-pass-through=-lc -plugin-opt=-pass-through=-lgcc_s -plugin-opt=-pass-through=-lgcc --sysroot=/opt/poky/5.0.12/sysroots/x86_64-pokysdk-linux/usr/share/cmake/../../../../../sysroots/cortexa7t2hf-neon-vfpv4-poky-linux-gnueabi --build-id --eh-frame-hdr --hash-style=gnu -export-dynamic -dynamic-linker /lib/ld-linux-armhf.so.3 -X -m armelf_linux_eabi -pie -o cmTC_2908e /opt/poky/5.0.12/sysroots/x86_64-pokysdk-linux/usr/share/cmake/../../../../../sysroots/cortexa7t2hf-neon-vfpv4-poky-linux-gnueabi/lib/Scrt1.o /opt/poky/5.0.12/sysroots/x86_64-pokysdk-linux/usr/share/cmake/../../../../../sysroots/cortexa7t2hf-neon-vfpv4-poky-linux-gnueabi/lib/crti.o /opt/poky/5.0.12/sysroots/x86_64-pokysdk-linux/usr/share/cmake/../../../../../sysroots/cortexa7t2hf-neon-vfpv4-poky-linux-gnueabi/lib/arm-poky-linux-gnueabi/13.4.0/crtbeginS.o -L/opt/poky/5.0.12/sysroots/x86_64-pokysdk-linux/usr/lib/arm-poky-linux-gnueabi/gcc/arm-poky-linux-gnueabi/13.4.0 -L/opt/poky/5.0.12/sysroots/x86_64-pokysdk-linux/usr/share/cmake/../../../../../sysroots/cortexa7t2hf-neon-vfpv4-poky-linux-gnueabi/lib/arm-poky-linux-gnueabi/13.4.0 -L/opt/poky/5.0.12/sysroots/x86_64-pokysdk-linux/usr/share/cmake/../../../../../sysroots/cortexa7t2hf-neon-vfpv4-poky-linux-gnueabi/lib -L/opt/poky/5.0.12/sysroots/x86_64-pokysdk-linux/usr/share/cmake/../../../../../sysroots/cortexa7t2hf-neon-vfpv4-poky-linux-gnueabi/usr/lib/arm-poky-linux-gnueabi/13.4.0 -L/opt/poky/5.0.12/sysroots/x86_64-pokysdk-linux/usr/share/cmake/../../../../../sysroots/cortexa7t2hf-neon-vfpv4-poky-linux-gnueabi/usr/lib CMakeFiles/cmTC_2908e.dir/CMakeCXXCompilerABI.cpp.o -lstdc++ -lm -lgcc_s -lgcc -lc -lgcc_s -lgcc /opt/poky/5.0.12/sysroots/x86_64-pokysdk-linux/usr/share/cmake/../../../../../sysroots/cortexa7t2hf-neon-vfpv4-poky-linux-gnueabi/lib/arm-poky-linux-gnueabi/13.4.0/crtendS.o /opt/poky/5.0.12/sysroots/x86_64-pokysdk-linux/usr/share/cmake/../../../../../sysroots/cortexa7t2hf-neon-vfpv4-poky-linux-gnueabi/lib/crtn.o
COLLECT_GCC_OPTIONS='--sysroot=/opt/poky/5.0.12/sysroots/x86_64-pokysdk-linux/usr/share/cmake/../../../../../sysroots/cortexa7t2hf-neon-vfpv4-poky-linux-gnueabi' '-mthumb' '-mfpu=neon-vfpv4' '-mfloat-abi=hard' '-mcpu=cortex-a7' '-v' '-rdynamic' '-o' 'cmTC_2908e' '-shared-libgcc' '-mtls-dialect=gnu' '-mlibarch=armv7ve+simd' '-march=armv7ve+simd' '-dumpdir' 'cmTC_2908e.'
gmake[1]: Leaving directory '/home/alexis/Documents/Tec/Empotrados/Proyecto_1/RemoteCar-Embedded/libraries/build-arm/CMakeFiles/CMakeTmp'



Parsed CXX implicit include dir info from above output: rv=done
  found start of include info
  found start of implicit include info
    add: [/opt/poky/5.0.12/sysroots/x86_64-pokysdk-linux/usr/share/cmake/../../../../../sysroots/cortexa7t2hf-neon-vfpv4-poky-linux-gnueabi/usr/include/c++/13.4.0]
    add: [/opt/poky/5.0.12/sysroots/x86_64-pokysdk-linux/usr/share/cmake/../../../../../sysroots/cortexa7t2hf-neon-vfpv4-poky-linux-gnueabi/usr/include/c++/13.4.0/arm-poky-linux-gnueabi]
    add: [/opt/poky/5.0.12/sysroots/x86_64-pokysdk-linux/usr/share/cmake/../../../../../sysroots/cortexa7t2hf-neon-vfpv4-poky-linux-gnueabi/usr/include/c++/13.4.0/backward]
    add: [/opt/poky/5.0.12/sysroots/x86_64-pokysdk-linux/usr/lib/arm-poky-linux-gnueabi/gcc/arm-poky-linux-gnueabi/13.4.0/include]
    add: [/opt/poky/5.0.12/sysroots/x86_64-pokysdk-linux/usr/lib/arm-poky-linux-gnueabi/gcc/arm-poky-linux-gnueabi/13.4.0/include-fixed]
    add: [/opt/poky/5.0.12/sysroots/x86_64-pokysdk-linux/usr/share/cmake/../../../../../sysroots/cortexa7t2hf-neon-vfpv4-poky-linux-gnueabi/usr/include/]
  end of search list found
  collapse include dir [/opt/poky/5.0.12/sysroots/x86_64-pokysdk-linux/usr/share/cmake/../../../../../sysroots/cortexa7t2hf-neon-vfpv4-poky-linux-gnueabi/usr/include/c++/13.4.0] ==> [/opt/poky/5.0.12/sysroots/cortexa7t2hf-neon-vfpv4-poky-linux-gnueabi/usr/include/c++/13.4.0]
  collapse include dir [/opt/poky/5.0.12/sysroots/x86_64-pokysdk-linux/usr/share/cmake/../../../../../sysroots/cortexa7t2hf-neon-vfpv4-poky-linux-gnueabi/usr/include/c++/13.4.0/arm-poky-linux-gnueabi] ==> [/opt/poky/5.0.12/sysroots/cortexa7t2hf-neon-vfpv4-poky-linux-gnueabi/usr/include/c++/13.4.0/arm-poky-linux-gnueabi]
  collapse include dir [/opt/poky/5.0.12/sysroots/x86_64-pokysdk-linux/usr/share/cmake/../../../../../sysroots/cortexa7t2hf-neon-vfpv4-poky-linux-gnueabi/usr/include/c++/13.4.0/backward] ==> [/opt/poky/5.0.12/sysroots/cortexa7t2hf-neon-vfpv4-poky-linux-gnueabi/usr/include/c++/13.4.0/backward]
  collapse include dir [/opt/poky/5.0.12/sysroots/x86_64-pokysdk-linux/usr/lib/arm-poky-linux-gnueabi/gcc/arm-poky-linux-gnueabi/13.4.0/include] ==> [/opt/poky/5.0.12/sysroots/x86_64-pokysdk-linux/usr/lib/arm-poky-linux-gnueabi/gcc/arm-poky-linux-gnueabi/13.4.0/include]
  collapse include dir [/opt/poky/5.0.12/sysroots/x86_64-pokysdk-linux/usr/lib/arm-poky-linux-gnueabi/gcc/arm-poky-linux-gnueabi/13.4.0/include-fixed] ==> [/opt/poky/5.0.12/sysroots/x86_64-pokysdk-linux/usr/lib/arm-poky-linux-gnueabi/gcc/arm-poky-linux-gnueabi/13.4.0/include-fixed]
  collapse include dir [/opt/poky/5.0.12/sysroots/x86_64-pokysdk-linux/usr/share/cmake/../../../../../sysroots/cortexa7t2hf-neon-vfpv4-poky-linux-gnueabi/usr/include/] ==> [/opt/poky/5.0.12/sysroots/cortexa7t2hf-neon-vfpv4-poky-linux-gnueabi/usr/include]
  implicit include dirs: [/opt/poky/5.0.12/sysroots/cortexa7t2hf-neon-vfpv4-poky-linux-gnueabi/usr/include/c++/13.4.0;/opt/poky/5.0.12/sysroots/cortexa7t2hf-neon-vfpv4-poky-linux-gnueabi/usr/include/c++/13.4.0/arm-poky-linux-gnueabi;/opt/poky/5.0.12/sysroots/cortexa7t2hf-neon-vfpv4-poky-linux-gnueabi/usr/include/c++/13.4.0/backward;/opt/poky/5.0.12/sysroots/x86_64-pokysdk-linux/usr/lib/arm-poky-linux-gnueabi/gcc/arm-poky-linux-gnueabi/13.4.0/include;/opt/poky/5.0.12/sysroots/x86_64-pokysdk-linux/usr/lib/arm-poky-linux-gnueabi/gcc/arm-poky-linux-gnueabi/13.4.0/include-fixed;/opt/poky/5.0.12/sysroots/cortexa7t2hf-neon-vfpv4-poky-linux-gnueabi/usr/include]


Parsed CXX implicit link information from above output:
  link line regex: [^( *|.*[/\])(arm-poky-linux-gnueabi-ld|CMAKE_LINK_STARTFILE-NOTFOUND|([^/\]+-)?ld|collect2)[^/\]*( |$)]
  ignore line: [Change Dir: /home/alexis/Documents/Tec/Empotrados/Proyecto_1/RemoteCar-Embedded/libraries/build-arm/CMakeFiles/CMakeTmp]
  ignore line: []
  ignore line: [Run Build Command(s):/usr/bin/gmake -f Makefile cmTC_2908e/fast && /usr/bin/gmake  -f CMakeFiles/cmTC_2908e.dir/build.make CMakeFiles/cmTC_2908e.dir/build]
  ignore line: [gmake[1]: Entering directory '/home/alexis/Documents/Tec/Empotrados/Proyecto_1/RemoteCar-Embedded/libraries/build-arm/CMakeFiles/CMakeTmp']
  ignore line: [Building CXX object CMakeFiles/cmTC_2908e.dir/CMakeCXXCompilerABI.cpp.o]
  ignore line: [/opt/poky/5.0.12/sysroots/x86_64-pokysdk-linux/usr/share/cmake/../../../../../sysroots/x86_64-pokysdk-linux/usr/bin/arm-poky-linux-gnueabi/arm-poky-linux-gnueabi-g++ --sysroot=/opt/poky/5.0.12/sysroots/x86_64-pokysdk-linux/usr/share/cmake/../../../../../sysroots/cortexa7t2hf-neon-vfpv4-poky-linux-gnueabi   -mthumb -mfpu=neon-vfpv4 -mfloat-abi=hard -mcpu=cortex-a7    -v -o CMakeFiles/cmTC_2908e.dir/CMakeCXXCompilerABI.cpp.o -c /usr/share/cmake-3.22/Modules/CMakeCXXCompilerABI.cpp]
  ignore line: [Using built-in specs.]
  ignore line: [COLLECT_GCC=/opt/poky/5.0.12/sysroots/x86_64-pokysdk-linux/usr/share/cmake/../../../../../sysroots/x86_64-pokysdk-linux/usr/bin/arm-poky-linux-gnueabi/arm-poky-linux-gnueabi-g++]
  ignore line: [Target: arm-poky-linux-gnueabi]
  ignore line: [Configured with: ../../../../../../work-shared/gcc-13.4.0-r0/gcc-13.4.0/configure --build=x86_64-linux --host=x86_64-pokysdk-linux --target=arm-poky-linux-gnueabi --prefix=/usr/local/oe-sdk-hardcoded-buildpath/sysroots/x86_64-pokysdk-linux/usr --exec_prefix=/usr/local/oe-sdk-hardcoded-buildpath/sysroots/x86_64-pokysdk-linux/usr --bindir=/usr/local/oe-sdk-hardcoded-buildpath/sysroots/x86_64-pokysdk-linux/usr/bin/arm-poky-linux-gnueabi --sbindir=/usr/local/oe-sdk-hardcoded-buildpath/sysroots/x86_64-pokysdk-linux/usr/bin/arm-poky-linux-gnueabi --libexecdir=/usr/local/oe-sdk-hardcoded-buildpath/sysroots/x86_64-pokysdk-linux/usr/libexec/arm-poky-linux-gnueabi --datadir=/usr/local/oe-sdk-hardcoded-buildpath/sysroots/x86_64-pokysdk-linux/usr/share --sysconfdir=/usr/local/oe-sdk-hardcoded-buildpath/sysroots/x86_64-pokysdk-linux/etc --sharedstatedir=/usr/local/oe-sdk-hardcoded-buildpath/sysroots/x86_64-pokysdk-linux/com --localstatedir=/usr/local/oe-sdk-hardcoded-buildpath/sysroots/x86_64-pokysdk-linux/var --libdir=/usr/local/oe-sdk-hardcoded-buildpath/sysroots/x86_64-pokysdk-linux/usr/lib/arm-poky-linux-gnueabi --includedir=/usr/local/oe-sdk-hardcoded-buildpath/sysroots/x86_64-pokysdk-linux/usr/include --oldincludedir=/usr/local/oe-sdk-hardcoded-buildpath/sysroots/x86_64-pokysdk-linux/usr/include --infodir=/usr/local/oe-sdk-hardcoded-buildpath/sysroots/x86_64-pokysdk-linux/usr/share/info --mandir=/usr/local/oe-sdk-hardcoded-buildpath/sysroots/x86_64-pokysdk-linux/usr/share/man --disable-silent-rules --disable-dependency-tracking --with-libtool-sysroot=/host --with-gnu-ld --enable-shared --enable-languages=c,c++ --enable-threads=posix --enable-multilib --enable-default-pie --enable-c99 --enable-long-long --enable-symvers=gnu --enable-libstdcxx-pch --program-prefix=arm-poky-linux-gnueabi- --without-local-prefix --disable-install-libiberty --disable-libssp --enable-libitm --enable-lto --disable-bootstrap --with-system-zlib --with-linker-hash-style=gnu --enable-linker-build-id --with-ppl=no --with-cloog=no --enable-checking=release --enable-cheaders=c_global --without-isl --with-gxx-include-dir=/not/exist/usr/include/c++/13.4.0 --with-build-time-tools=/host-native/usr/arm-poky-linux-gnueabi/bin --with-sysroot=/not/exist --with-build-sysroot=/host --with-plugin-ld=ld --enable-poison-system-directories --disable-static --enable-nls --with-glibc-version=2.28 --enable-initfini-array]
  ignore line: [Thread model: posix]
  ignore line: [Supported LTO compression algorithms: zlib zstd]
  ignore line: [gcc version 13.4.0 (GCC) ]
  ignore line: [COLLECT_GCC_OPTIONS='--sysroot=/opt/poky/5.0.12/sysroots/x86_64-pokysdk-linux/usr/share/cmake/../../../../../sysroots/cortexa7t2hf-neon-vfpv4-poky-linux-gnueabi' '-mthumb' '-mfpu=neon-vfpv4' '-mfloat-abi=hard' '-mcpu=cortex-a7' '-v' '-o' 'CMakeFiles/cmTC_2908e.dir/CMakeCXXCompilerABI.cpp.o' '-c' '-shared-libgcc' '-mtls-dialect=gnu' '-mlibarch=armv7ve+simd' '-march=armv7ve+simd' '-dumpdir' 'CMakeFiles/cmTC_2908e.dir/']
  ignore line: [ /opt/poky/5.0.12/sysroots/x86_64-pokysdk-linux/usr/libexec/arm-poky-linux-gnueabi/gcc/arm-poky-linux-gnueabi/13.4.0/cc1plus -quiet -v -isysroot /opt/poky/5.0.12/sysroots/x86_64-pokysdk-linux/usr/share/cmake/../../../../../sysroots/cortexa7t2hf-neon-vfpv4-poky-linux-gnueabi -D_GNU_SOURCE /usr/share/cmake-3.22/Modules/CMakeCXXCompilerABI.cpp -quiet -dumpdir CMakeFiles/cmTC_2908e.dir/ -dumpbase CMakeCXXCompilerABI.cpp.cpp -dumpbase-ext .cpp -mthumb -mfpu=neon-vfpv4 -mfloat-abi=hard -mcpu=cortex-a7 -mtls-dialect=gnu -mlibarch=armv7ve+simd -march=armv7ve+simd -version -o /tmp/ccYmX30k.s]
  ignore line: [GNU C++17 (GCC) version 13.4.0 (arm-poky-linux-gnueabi)]
  ignore line: [	compiled by GNU C version 13.4.0  GMP version 6.3.0  MPFR version 4.2.1  MPC version 1.3.1  isl version none]
  ignore line: [GGC heuristics: --param ggc-min-expand=100 --param ggc-min-heapsize=131072]
  ignore line: [ignoring nonexistent directory "/opt/poky/5.0.12/sysroots/x86_64-pokysdk-linux/usr/share/cmake/../../../../../sysroots/cortexa7t2hf-neon-vfpv4-poky-linux-gnueabi/usr/lib/arm-poky-linux-gnueabi/13.4.0/include"]
  ignore line: [ignoring nonexistent directory "/opt/poky/5.0.12/sysroots/x86_64-pokysdk-linux/usr/share/cmake/../../../../../sysroots/cortexa7t2hf-neon-vfpv4-poky-linux-gnueabi/usr/local/include"]
  ignore line: [ignoring nonexistent directory "/opt/poky/5.0.12/sysroots/x86_64-pokysdk-linux/usr/lib/arm-poky-linux-gnueabi/gcc/arm-poky-linux-gnueabi/13.4.0/../../../../../arm-poky-linux-gnueabi/include"]
  ignore line: [#include "..." search starts here:]
  ignore line: [#include <...> search starts here:]
  ignore line: [ /opt/poky/5.0.12/sysroots/x86_64-pokysdk-linux/usr/share/cmake/../../../../../sysroots/cortexa7t2hf-neon-vfpv4-poky-linux-gnueabi/usr/include/c++/13.4.0]
  ignore line: [ /opt/poky/5.0.12/sysroots/x86_64-pokysdk-linux/usr/share/cmake/../../../../../sysroots/cortexa7t2hf-neon-vfpv4-poky-linux-gnueabi/usr/include/c++/13.4.0/arm-poky-linux-gnueabi]
  ignore line: [ /opt/poky/5.0.12/sysroots/x86_64-pokysdk-linux/usr/share/cmake/../../../../../sysroots/cortexa7t2hf-neon-vfpv4-poky-linux-gnueabi/usr/include/c++/13.4.0/backward]
  ignore line: [ /opt/poky/5.0.12/sysroots/x86_64-pokysdk-linux/usr/lib/arm-poky-linux-gnueabi/gcc/arm-poky-linux-gnueabi/13.4.0/include]
  ignore line: [ /opt/poky/5.0.12/sysroots/x86_64-pokysdk-linux/usr/lib/arm-poky-linux-gnueabi/gcc/arm-poky-linux-gnueabi/13.4.0/include-fixed]
  ignore line: [ /opt/poky/5.0.12/sysroots/x86_64-pokysdk-linux/usr/share/cmake/../../../../../sysroots/cortexa7t2hf-neon-vfpv4-poky-linux-gnueabi/usr/include/]
  ignore line: [End of search list.]
  ignore line: [Compiler executable checksum: c85bbb83aed1c5106aa9771fc71d3431]
  ignore line: [COLLECT_GCC_OPTIONS='--sysroot=/opt/poky/5.0.12/sysroots/x86_64-pokysdk-linux/usr/share/cmake/../../../../../sysroots/cortexa7t2hf-neon-vfpv4-poky-linux-gnueabi' '-mthumb' '-mfpu=neon-vfpv4' '-mfloat-abi=hard' '-mcpu=cortex-a7' '-v' '-o' 'CMakeFiles/cmTC_2908e.dir/CMakeCXXCompilerABI.cpp.o' '-c' '-shared-libgcc' '-mtls-dialect=gnu' '-mlibarch=armv7ve+simd' '-march=armv7ve+simd' '-dumpdir' 'CMakeFiles/cmTC_2908e.dir/']
  ignore line: [ /opt/poky/5.0.12/sysroots/x86_64-pokysdk-linux/usr/libexec/arm-poky-linux-gnueabi/gcc/arm-poky-linux-gnueabi/13.4.0/as -v -march=armv7ve+simd -mfloat-abi=hard -mfpu=neon-vfpv4 -meabi=5 -o CMakeFiles/cmTC_2908e.dir/CMakeCXXCompilerABI.cpp.o /tmp/ccYmX30k.s]
  ignore line: [GNU assembler version 2.42.0 (arm-poky-linux-gnueabi) using BFD version (GNU Binutils) 2.42.0.20240723]
  ignore line: [COMPILER_PATH=/opt/poky/5.0.12/sysroots/x86_64-pokysdk-linux/usr/libexec/arm-poky-linux-gnueabi/gcc/arm-poky-linux-gnueabi/13.4.0/:/opt/poky/5.0.12/sysroots/x86_64-pokysdk-linux/usr/libexec/arm-poky-linux-gnueabi/gcc/arm-poky-linux-gnueabi/13.4.0/:/opt/poky/5.0.12/sysroots/x86_64-pokysdk-linux/usr/libexec/arm-poky-linux-gnueabi/gcc/arm-poky-linux-gnueabi/:/opt/poky/5.0.12/sysroots/x86_64-pokysdk-linux/usr/lib/arm-poky-linux-gnueabi/gcc/arm-poky-linux-gnueabi/13.4.0/:/opt/poky/5.0.12/sysroots/x86_64-pokysdk-linux/usr/lib/arm-poky-linux-gnueabi/gcc/arm-poky-linux-gnueabi/]
  ignore line: [LIBRARY_PATH=/opt/poky/5.0.12/sysroots/x86_64-pokysdk-linux/usr/lib/arm-poky-linux-gnueabi/gcc/arm-poky-linux-gnueabi/13.4.0/:/opt/poky/5.0.12/sysroots/x86_64-pokysdk-linux/usr/share/cmake/../../../../../sysroots/cortexa7t2hf-neon-vfpv4-poky-linux-gnueabi/lib/arm-poky-linux-gnueabi/13.4.0/:/opt/poky/5.0.12/sysroots/x86_64-pokysdk-linux/usr/share/cmake/../../../../../sysroots/cortexa7t2hf-neon-vfpv4-poky-linux-gnueabi/lib/:/opt/poky/5.0.12/sysroots/x86_64-pokysdk-linux/usr/share/cmake/../../../../../sysroots/cortexa7t2hf-neon-vfpv4-poky-linux-gnueabi/usr/lib/arm-poky-linux-gnueabi/13.4.0/:/opt/poky/5.0.12/sysroots/x86_64-pokysdk-linux/usr/share/cmake/../../../../../sysroots/cortexa7t2hf-neon-vfpv4-poky-linux-gnueabi/usr/lib/]
  ignore line: [COLLECT_GCC_OPTIONS='--sysroot=/opt/poky/5.0.12/sysroots/x86_64-pokysdk-linux/usr/share/cmake/../../../../../sysroots/cortexa7t2hf-neon-vfpv4-poky-linux-gnueabi' '-mthumb' '-mfpu=neon-vfpv4' '-mfloat-abi=hard' '-mcpu=cortex-a7' '-v' '-o' 'CMakeFiles/cmTC_2908e.dir/CMakeCXXCompilerABI.cpp.o' '-c' '-shared-libgcc' '-mtls-dialect=gnu' '-mlibarch=armv7ve+simd' '-march=armv7ve+simd' '-dumpdir' 'CMakeFiles/cmTC_2908e.dir/CMakeCXXCompilerABI.cpp.']
  ignore line: [Linking CXX executable cmTC_2908e]
  ignore line: [/usr/bin/cmake -E cmake_link_script CMakeFiles/cmTC_2908e.dir/link.txt --verbose=1]
  ignore line: [/opt/poky/5.0.12/sysroots/x86_64-pokysdk-linux/usr/share/cmake/../../../../../sysroots/x86_64-pokysdk-linux/usr/bin/arm-poky-linux-gnueabi/arm-poky-linux-gnueabi-g++ --sysroot=/opt/poky/5.0.12/sysroots/x86_64-pokysdk-linux/usr/share/cmake/../../../../../sysroots/cortexa7t2hf-neon-vfpv4-poky-linux-gnueabi  -mthumb -mfpu=neon-vfpv4 -mfloat-abi=hard -mcpu=cortex-a7   -v -rdynamic CMakeFiles/cmTC_2908e.dir/CMakeCXXCompilerABI.cpp.o -o cmTC_2908e ]
  ignore line: [Using built-in specs.]
  ignore line: [COLLECT_GCC=/opt/poky/5.0.12/sysroots/x86_64-pokysdk-linux/usr/share/cmake/../../../../../sysroots/x86_64-pokysdk-linux/usr/bin/arm-poky-linux-gnueabi/arm-poky-linux-gnueabi-g++]
  ignore line: [COLLECT_LTO_WRAPPER=/opt/poky/5.0.12/sysroots/x86_64-pokysdk-linux/usr/libexec/arm-poky-linux-gnueabi/gcc/arm-poky-linux-gnueabi/13.4.0/lto-wrapper]
  ignore line: [Target: arm-poky-linux-gnueabi]
  ignore line: [Configured with: ../../../../../../work-shared/gcc-13.4.0-r0/gcc-13.4.0/configure --build=x86_64-linux --host=x86_64-pokysdk-linux --target=arm-poky-linux-gnueabi --prefix=/usr/local/oe-sdk-hardcoded-buildpath/sysroots/x86_64-pokysdk-linux/usr --exec_prefix=/usr/local/oe-sdk-hardcoded-buildpath/sysroots/x86_64-pokysdk-linux/usr --bindir=/usr/local/oe-sdk-hardcoded-buildpath/sysroots/x86_64-pokysdk-linux/usr/bin/arm-poky-linux-gnueabi --sbindir=/usr/local/oe-sdk-hardcoded-buildpath/sysroots/x86_64-pokysdk-linux/usr/bin/arm-poky-linux-gnueabi --libexecdir=/usr/local/oe-sdk-hardcoded-buildpath/sysroots/x86_64-pokysdk-linux/usr/libexec/arm-poky-linux-gnueabi --datadir=/usr/local/oe-sdk-hardcoded-buildpath/sysroots/x86_64-pokysdk-linux/usr/share --sysconfdir=/usr/local/oe-sdk-hardcoded-buildpath/sysroots/x86_64-pokysdk-linux/etc --sharedstatedir=/usr/local/oe-sdk-hardcoded-buildpath/sysroots/x86_64-pokysdk-linux/com --localstatedir=/usr/local/oe-sdk-hardcoded-buildpath/sysroots/x86_64-pokysdk-linux/var --libdir=/usr/local/oe-sdk-hardcoded-buildpath/sysroots/x86_64-pokysdk-linux/usr/lib/arm-poky-linux-gnueabi --includedir=/usr/local/oe-sdk-hardcoded-buildpath/sysroots/x86_64-pokysdk-linux/usr/include --oldincludedir=/usr/local/oe-sdk-hardcoded-buildpath/sysroots/x86_64-pokysdk-linux/usr/include --infodir=/usr/local/oe-sdk-hardcoded-buildpath/sysroots/x86_64-pokysdk-linux/usr/share/info --mandir=/usr/local/oe-sdk-hardcoded-buildpath/sysroots/x86_64-pokysdk-linux/usr/share/man --disable-silent-rules --disable-dependency-tracking --with-libtool-sysroot=/host --with-gnu-ld --enable-shared --enable-languages=c,c++ --enable-threads=posix --enable-multilib --enable-default-pie --enable-c99 --enable-long-long --enable-symvers=gnu --enable-libstdcxx-pch --program-prefix=arm-poky-linux-gnueabi- --without-local-prefix --disable-install-libiberty --disable-libssp --enable-libitm --enable-lto --disable-bootstrap --with-system-zlib --with-linker-hash-style=gnu --enable-linker-build-id --with-ppl=no --with-cloog=no --enable-checking=release --enable-cheaders=c_global --without-isl --with-gxx-include-dir=/not/exist/usr/include/c++/13.4.0 --with-build-time-tools=/host-native/usr/arm-poky-linux-gnueabi/bin --with-sysroot=/not/exist --with-build-sysroot=/host --with-plugin-ld=ld --enable-poison-system-directories --disable-static --enable-nls --with-glibc-version=2.28 --enable-initfini-array]
  ignore line: [Thread model: posix]
  ignore line: [Supported LTO compression algorithms: zlib zstd]
  ignore line: [gcc version 13.4.0 (GCC) ]
  ignore line: [COMPILER_PATH=/opt/poky/5.0.12/sysroots/x86_64-pokysdk-linux/usr/libexec/arm-poky-linux-gnueabi/gcc/arm-poky-linux-gnueabi/13.4.0/:/opt/poky/5.0.12/sysroots/x86_64-pokysdk-linux/usr/libexec/arm-poky-linux-gnueabi/gcc/arm-poky-linux-gnueabi/13.4.0/:/opt/poky/5.0.12/sysroots/x86_64-pokysdk-linux/usr/libexec/arm-poky-linux-gnueabi/gcc/arm-poky-linux-gnueabi/:/opt/poky/5.0.12/sysroots/x86_64-pokysdk-linux/usr/lib/arm-poky-linux-gnueabi/gcc/arm-poky-linux-gnueabi/13.4.0/:/opt/poky/5.0.12/sysroots/x86_64-pokysdk-linux/usr/lib/arm-poky-linux-gnueabi/gcc/arm-poky-linux-gnueabi/]
  ignore line: [LIBRARY_PATH=/opt/poky/5.0.12/sysroots/x86_64-pokysdk-linux/usr/lib/arm-poky-linux-gnueabi/gcc/arm-poky-linux-gnueabi/13.4.0/:/opt/poky/5.0.12/sysroots/x86_64-pokysdk-linux/usr/share/cmake/../../../../../sysroots/cortexa7t2hf-neon-vfpv4-poky-linux-gnueabi/lib/arm-poky-linux-gnueabi/13.4.0/:/opt/poky/5.0.12/sysroots/x86_64-pokysdk-linux/usr/share/cmake/../../../../../sysroots/cortexa7t2hf-neon-vfpv4-poky-linux-gnueabi/lib/:/opt/poky/5.0.12/sysroots/x86_64-pokysdk-linux/usr/share/cmake/../../../../../sysroots/cortexa7t2hf-neon-vfpv4-poky-linux-gnueabi/usr/lib/arm-poky-linux-gnueabi/13.4.0/:/opt/poky/5.0.12/sysroots/x86_64-pokysdk-linux/usr/share/cmake/../../../../../sysroots/cortexa7t2hf-neon-vfpv4-poky-linux-gnueabi/usr/lib/]
  ignore line: [COLLECT_GCC_OPTIONS='--sysroot=/opt/poky/5.0.12/sysroots/x86_64-pokysdk-linux/usr/share/cmake/../../../../../sysroots/cortexa7t2hf-neon-vfpv4-poky-linux-gnueabi' '-mthumb' '-mfpu=neon-vfpv4' '-mfloat-abi=hard' '-mcpu=cortex-a7' '-v' '-rdynamic' '-o' 'cmTC_2908e' '-shared-libgcc' '-mtls-dialect=gnu' '-mlibarch=armv7ve+simd' '-march=armv7ve+simd' '-dumpdir' 'cmTC_2908e.']
  link line: [ /opt/poky/5.0.12/sysroots/x86_64-pokysdk-linux/usr/libexec/arm-poky-linux-gnueabi/gcc/arm-poky-linux-gnueabi/13.4.0/collect2 -plugin /opt/poky/5.0.12/sysroots/x86_64-pokysdk-linux/usr/libexec/arm-poky-linux-gnueabi/gcc/arm-poky-linux-gnueabi/13.4.0/liblto_plugin.so -plugin-opt=/opt/poky/5.0.12/sysroots/x86_64-pokysdk-linux/usr/libexec/arm-poky-linux-gnueabi/gcc/arm-poky-linux-gnueabi/13.4.0/lto-wrapper -plugin-opt=-fresolution=/tmp/ccGWjJnf.res -plugin-opt=-pass-through=-lgcc_s -plugin-opt=-pass-through=-lgcc -plugin-opt=-pass-through=-lc -plugin-opt=-pass-through=-lgcc_s -plugin-opt=-pass-through=-lgcc --sysroot=/opt/poky/5.0.12/sysroots/x86_64-pokysdk-linux/usr/share/cmake/../../../../../sysroots/cortexa7t2hf-neon-vfpv4-poky-linux-gnueabi --build-id --eh-frame-hdr --hash-style=gnu -export-dynamic -dynamic-linker /lib/ld-linux-armhf.so.3 -X -m armelf_linux_eabi -pie -o cmTC_2908e /opt/poky/5.0.12/sysroots/x86_64-pokysdk-linux/usr/share/cmake/../../../../../sysroots/cortexa7t2hf-neon-vfpv4-poky-linux-gnueabi/lib/Scrt1.o /opt/poky/5.0.12/sysroots/x86_64-pokysdk-linux/usr/share/cmake/../../../../../sysroots/cortexa7t2hf-neon-vfpv4-poky-linux-gnueabi/lib/crti.o /opt/poky/5.0.12/sysroots/x86_64-pokysdk-linux/usr/share/cmake/../../../../../sysroots/cortexa7t2hf-neon-vfpv4-poky-linux-gnueabi/lib/arm-poky-linux-gnueabi/13.4.0/crtbeginS.o -L/opt/poky/5.0.12/sysroots/x86_64-pokysdk-linux/usr/lib/arm-poky-linux-gnueabi/gcc/arm-poky-linux-gnueabi/13.4.0 -L/opt/poky/5.0.12/sysroots/x86_64-pokysdk-linux/usr/share/cmake/../../../../../sysroots/cortexa7t2hf-neon-vfpv4-poky-linux-gnueabi/lib/arm-poky-linux-gnueabi/13.4.0 -L/opt/poky/5.0.12/sysroots/x86_64-pokysdk-linux/usr/share/cmake/../../../../../sysroots/cortexa7t2hf-neon-vfpv4-poky-linux-gnueabi/lib -L/opt/poky/5.0.12/sysroots/x86_64-pokysdk-linux/usr/share/cmake/../../../../../sysroots/cortexa7t2hf-neon-vfpv4-poky-linux-gnueabi/usr/lib/arm-poky-linux-gnueabi/13.4.0 -L/opt/poky/5.0.12/sysroots/x86_64-pokysdk-linux/usr/share/cmake/../../../../../sysroots/cortexa7t2hf-neon-vfpv4-poky-linux-gnueabi/usr/lib CMakeFiles/cmTC_2908e.dir/CMakeCXXCompilerABI.cpp.o -lstdc++ -lm -lgcc_s -lgcc -lc -lgcc_s -lgcc /opt/poky/5.0.12/sysroots/x86_64-pokysdk-linux/usr/share/cmake/../../../../../sysroots/cortexa7t2hf-neon-vfpv4-poky-linux-gnueabi/lib/arm-poky-linux-gnueabi/13.4.0/crtendS.o /opt/poky/5.0.12/sysroots/x86_64-pokysdk-linux/usr/share/cmake/../../../../../sysroots/cortexa7t2hf-neon-vfpv4-poky-linux-gnueabi/lib/crtn.o]
    arg [/opt/poky/5.0.12/sysroots/x86_64-pokysdk-linux/usr/libexec/arm-poky-linux-gnueabi/gcc/arm-poky-linux-gnueabi/13.4.0/collect2] ==> ignore
    arg [-plugin] ==> ignore
    arg [/opt/poky/5.0.12/sysroots/x86_64-pokysdk-linux/usr/libexec/arm-poky-linux-gnueabi/gcc/arm-poky-linux-gnueabi/13.4.0/liblto_plugin.so] ==> ignore
    arg [-plugin-opt=/opt/poky/5.0.12/sysroots/x86_64-pokysdk-linux/usr/libexec/arm-poky-linux-gnueabi/gcc/arm-poky-linux-gnueabi/13.4.0/lto-wrapper] ==> ignore
    arg [-plugin-opt=-fresolution=/tmp/ccGWjJnf.res] ==> ignore
    arg [-plugin-opt=-pass-through=-lgcc_s] ==> ignore
    arg [-plugin-opt=-pass-through=-lgcc] ==> ignore
    arg [-plugin-opt=-pass-through=-lc] ==> ignore
    arg [-plugin-opt=-pass-through=-lgcc_s] ==> ignore
    arg [-plugin-opt=-pass-through=-lgcc] ==> ignore
    arg [--sysroot=/opt/poky/5.0.12/sysroots/x86_64-pokysdk-linux/usr/share/cmake/../../../../../sysroots/cortexa7t2hf-neon-vfpv4-poky-linux-gnueabi] ==> ignore
    arg [--build-id] ==> ignore
    arg [--eh-frame-hdr] ==> ignore
    arg [--hash-style=gnu] ==> ignore
    arg [-export-dynamic] ==> ignore
    arg [-dynamic-linker] ==> ignore
    arg [/lib/ld-linux-armhf.so.3] ==> ignore
    arg [-X] ==> ignore
    arg [-m] ==> ignore
    arg [armelf_linux_eabi] ==> ignore
    arg [-pie] ==> ignore
    arg [-o] ==> ignore
    arg [cmTC_2908e] ==> ignore
    arg [/opt/poky/5.0.12/sysroots/x86_64-pokysdk-linux/usr/share/cmake/../../../../../sysroots/cortexa7t2hf-neon-vfpv4-poky-linux-gnueabi/lib/Scrt1.o] ==> obj [/opt/poky/5.0.12/sysroots/x86_64-pokysdk-linux/usr/share/cmake/../../../../../sysroots/cortexa7t2hf-neon-vfpv4-poky-linux-gnueabi/lib/Scrt1.o]
    arg [/opt/poky/5.0.12/sysroots/x86_64-pokysdk-linux/usr/share/cmake/../../../../../sysroots/cortexa7t2hf-neon-vfpv4-poky-linux-gnueabi/lib/crti.o] ==> obj [/opt/poky/5.0.12/sysroots/x86_64-pokysdk-linux/usr/share/cmake/../../../../../sysroots/cortexa7t2hf-neon-vfpv4-poky-linux-gnueabi/lib/crti.o]
    arg [/opt/poky/5.0.12/sysroots/x86_64-pokysdk-linux/usr/share/cmake/../../../../../sysroots/cortexa7t2hf-neon-vfpv4-poky-linux-gnueabi/lib/arm-poky-linux-gnueabi/13.4.0/crtbeginS.o] ==> obj [/opt/poky/5.0.12/sysroots/x86_64-pokysdk-linux/usr/share/cmake/../../../../../sysroots/cortexa7t2hf-neon-vfpv4-poky-linux-gnueabi/lib/arm-poky-linux-gnueabi/13.4.0/crtbeginS.o]
    arg [-L/opt/poky/5.0.12/sysroots/x86_64-pokysdk-linux/usr/lib/arm-poky-linux-gnueabi/gcc/arm-poky-linux-gnueabi/13.4.0] ==> dir [/opt/poky/5.0.12/sysroots/x86_64-pokysdk-linux/usr/lib/arm-poky-linux-gnueabi/gcc/arm-poky-linux-gnueabi/13.4.0]
    arg [-L/opt/poky/5.0.12/sysroots/x86_64-pokysdk-linux/usr/share/cmake/../../../../../sysroots/cortexa7t2hf-neon-vfpv4-poky-linux-gnueabi/lib/arm-poky-linux-gnueabi/13.4.0] ==> dir [/opt/poky/5.0.12/sysroots/x86_64-pokysdk-linux/usr/share/cmake/../../../../../sysroots/cortexa7t2hf-neon-vfpv4-poky-linux-gnueabi/lib/arm-poky-linux-gnueabi/13.4.0]
    arg [-L/opt/poky/5.0.12/sysroots/x86_64-pokysdk-linux/usr/share/cmake/../../../../../sysroots/cortexa7t2hf-neon-vfpv4-poky-linux-gnueabi/lib] ==> dir [/opt/poky/5.0.12/sysroots/x86_64-pokysdk-linux/usr/share/cmake/../../../../../sysroots/cortexa7t2hf-neon-vfpv4-poky-linux-gnueabi/lib]
    arg [-L/opt/poky/5.0.12/sysroots/x86_64-pokysdk-linux/usr/share/cmake/../../../../../sysroots/cortexa7t2hf-neon-vfpv4-poky-linux-gnueabi/usr/lib/arm-poky-linux-gnueabi/13.4.0] ==> dir [/opt/poky/5.0.12/sysroots/x86_64-pokysdk-linux/usr/share/cmake/../../../../../sysroots/cortexa7t2hf-neon-vfpv4-poky-linux-gnueabi/usr/lib/arm-poky-linux-gnueabi/13.4.0]
    arg [-L/opt/poky/5.0.12/sysroots/x86_64-pokysdk-linux/usr/share/cmake/../../../../../sysroots/cortexa7t2hf-neon-vfpv4-poky-linux-gnueabi/usr/lib] ==> dir [/opt/poky/5.0.12/sysroots/x86_64-pokysdk-linux/usr/share/cmake/../../../../../sysroots/cortexa7t2hf-neon-vfpv4-poky-linux-gnueabi/usr/lib]
    arg [CMakeFiles/cmTC_2908e.dir/CMakeCXXCompilerABI.cpp.o] ==> ignore
    arg [-lstdc++] ==> lib [stdc++]
    arg [-lm] ==> lib [m]
    arg [-lgcc_s] ==> lib [gcc_s]
    arg [-lgcc] ==> lib [gcc]
    arg [-lc] ==> lib [c]
    arg [-lgcc_s] ==> lib [gcc_s]
    arg [-lgcc] ==> lib [gcc]
    arg [/opt/poky/5.0.12/sysroots/x86_64-pokysdk-linux/usr/share/cmake/../../../../../sysroots/cortexa7t2hf-neon-vfpv4-poky-linux-gnueabi/lib/arm-poky-linux-gnueabi/13.4.0/crtendS.o] ==> obj [/opt/poky/5.0.12/sysroots/x86_64-pokysdk-linux/usr/share/cmake/../../../../../sysroots/cortexa7t2hf-neon-vfpv4-poky-linux-gnueabi/lib/arm-poky-linux-gnueabi/13.4.0/crtendS.o]
    arg [/opt/poky/5.0.12/sysroots/x86_64-pokysdk-linux/usr/share/cmake/../../../../../sysroots/cortexa7t2hf-neon-vfpv4-poky-linux-gnueabi/lib/crtn.o] ==> obj [/opt/poky/5.0.12/sysroots/x86_64-pokysdk-linux/usr/share/cmake/../../../../../sysroots/cortexa7t2hf-neon-vfpv4-poky-linux-gnueabi/lib/crtn.o]
  collapse obj [/opt/poky/5.0.12/sysroots/x86_64-pokysdk-linux/usr/share/cmake/../../../../../sysroots/cortexa7t2hf-neon-vfpv4-poky-linux-gnueabi/lib/Scrt1.o] ==> [/opt/poky/5.0.12/sysroots/cortexa7t2hf-neon-vfpv4-poky-linux-gnueabi/lib/Scrt1.o]
  collapse obj [/opt/poky/5.0.12/sysroots/x86_64-pokysdk-linux/usr/share/cmake/../../../../../sysroots/cortexa7t2hf-neon-vfpv4-poky-linux-gnueabi/lib/crti.o] ==> [/opt/poky/5.0.12/sysroots/cortexa7t2hf-neon-vfpv4-poky-linux-gnueabi/lib/crti.o]
  collapse obj [/opt/poky/5.0.12/sysroots/x86_64-pokysdk-linux/usr/share/cmake/../../../../../sysroots/cortexa7t2hf-neon-vfpv4-poky-linux-gnueabi/lib/arm-poky-linux-gnueabi/13.4.0/crtbeginS.o] ==> [/opt/poky/5.0.12/sysroots/cortexa7t2hf-neon-vfpv4-poky-linux-gnueabi/lib/arm-poky-linux-gnueabi/13.4.0/crtbeginS.o]
  collapse obj [/opt/poky/5.0.12/sysroots/x86_64-pokysdk-linux/usr/share/cmake/../../../../../sysroots/cortexa7t2hf-neon-vfpv4-poky-linux-gnueabi/lib/arm-poky-linux-gnueabi/13.4.0/crtendS.o] ==> [/opt/poky/5.0.12/sysroots/cortexa7t2hf-neon-vfpv4-poky-linux-gnueabi/lib/arm-poky-linux-gnueabi/13.4.0/crtendS.o]
  collapse obj [/opt/poky/5.0.12/sysroots/x86_64-pokysdk-linux/usr/share/cmake/../../../../../sysroots/cortexa7t2hf-neon-vfpv4-poky-linux-gnueabi/lib/crtn.o] ==> [/opt/poky/5.0.12/sysroots/cortexa7t2hf-neon-vfpv4-poky-linux-gnueabi/lib/crtn.o]
  collapse library dir [/opt/poky/5.0.12/sysroots/x86_64-pokysdk-linux/usr/lib/arm-poky-linux-gnueabi/gcc/arm-poky-linux-gnueabi/13.4.0] ==> [/opt/poky/5.0.12/sysroots/x86_64-pokysdk-linux/usr/lib/arm-poky-linux-gnueabi/gcc/arm-poky-linux-gnueabi/13.4.0]
  collapse library dir [/opt/poky/5.0.12/sysroots/x86_64-pokysdk-linux/usr/share/cmake/../../../../../sysroots/cortexa7t2hf-neon-vfpv4-poky-linux-gnueabi/lib/arm-poky-linux-gnueabi/13.4.0] ==> [/opt/poky/5.0.12/sysroots/cortexa7t2hf-neon-vfpv4-poky-linux-gnueabi/lib/arm-poky-linux-gnueabi/13.4.0]
  collapse library dir [/opt/poky/5.0.12/sysroots/x86_64-pokysdk-linux/usr/share/cmake/../../../../../sysroots/cortexa7t2hf-neon-vfpv4-poky-linux-gnueabi/lib] ==> [/opt/poky/5.0.12/sysroots/cortexa7t2hf-neon-vfpv4-poky-linux-gnueabi/lib]
  collapse library dir [/opt/poky/5.0.12/sysroots/x86_64-pokysdk-linux/usr/share/cmake/../../../../../sysroots/cortexa7t2hf-neon-vfpv4-poky-linux-gnueabi/usr/lib/arm-poky-linux-gnueabi/13.4.0] ==> [/opt/poky/5.0.12/sysroots/cortexa7t2hf-neon-vfpv4-poky-linux-gnueabi/usr/lib/arm-poky-linux-gnueabi/13.4.0]
  collapse library dir [/opt/poky/5.0.12/sysroots/x86_64-pokysdk-linux/usr/share/cmake/../../../../../sysroots/cortexa7t2hf-neon-vfpv4-poky-linux-gnueabi/usr/lib] ==> [/opt/poky/5.0.12/sysroots/cortexa7t2hf-neon-vfpv4-poky-linux-gnueabi/usr/lib]
  implicit libs: [stdc++;m;gcc_s;gcc;c;gcc_s;gcc]
  implicit objs: [/opt/poky/5.0.12/sysroots/cortexa7t2hf-neon-vfpv4-poky-linux-gnueabi/lib/Scrt1.o;/opt/poky/5.0.12/sysroots/cortexa7t2hf-neon-vfpv4-poky-linux-gnueabi/lib/crti.o;/opt/poky/5.0.12/sysroots/cortexa7t2hf-neon-vfpv4-poky-linux-gnueabi/lib/arm-poky-linux-gnueabi/13.4.0/crtbeginS.o;/opt/poky/5.0.12/sysroots/cortexa7t2hf-neon-vfpv4-poky-linux-gnueabi/lib/arm-poky-linux-gnueabi/13.4.0/crtendS.o;/opt/poky/5.0.12/sysroots/cortexa7t2hf-neon-vfpv4-poky-linux-gnueabi/lib/crtn.o]
  implicit dirs: [/opt/poky/5.0.12/sysroots/x86_64-pokysdk-linux/usr/lib/arm-poky-linux-gnueabi/gcc/arm-poky-linux-gnueabi/13.4.0;/opt/poky/5.0.12/sysroots/cortexa7t2hf-neon-vfpv4-poky-linux-gnueabi/lib/arm-poky-linux-gnueabi/13.4.0;/opt/poky/5.0.12/sysroots/cortexa7t2hf-neon-vfpv4-poky-linux-gnueabi/lib;/opt/poky/5.0.12/sysroots/cortexa7t2hf-neon-vfpv4-poky-linux-gnueabi/usr/lib/arm-poky-linux-gnueabi/13.4.0;/opt/poky/5.0.12/sysroots/cortexa7t2hf-neon-vfpv4-poky-linux-gnueabi/usr/lib]
  implicit fwks: []


Determining if the include file pthread.h exists passed with the following output:
Change Dir: /home/alexis/Documents/Tec/Empotrados/Proyecto_1/RemoteCar-Embedded/libraries/build-arm/CMakeFiles/CMakeTmp

Run Build Command(s):/usr/bin/gmake -f Makefile cmTC_e8501/fast && /usr/bin/gmake  -f CMakeFiles/cmTC_e8501.dir/build.make CMakeFiles/cmTC_e8501.dir/build
gmake[1]: Entering directory '/home/alexis/Documents/Tec/Empotrados/Proyecto_1/RemoteCar-Embedded/libraries/build-arm/CMakeFiles/CMakeTmp'
Building C object CMakeFiles/cmTC_e8501.dir/CheckIncludeFile.c.o
/opt/poky/5.0.12/sysroots/x86_64-pokysdk-linux/usr/share/cmake/../../../../../sysroots/x86_64-pokysdk-linux/usr/bin/arm-poky-linux-gnueabi/arm-poky-linux-gnueabi-gcc --sysroot=/opt/poky/5.0.12/sysroots/x86_64-pokysdk-linux/usr/share/cmake/../../../../../sysroots/cortexa7t2hf-neon-vfpv4-poky-linux-gnueabi   -mthumb -mfpu=neon-vfpv4 -mfloat-abi=hard -mcpu=cortex-a7  -o CMakeFiles/cmTC_e8501.dir/CheckIncludeFile.c.o -c /home/alexis/Documents/Tec/Empotrados/Proyecto_1/RemoteCar-Embedded/libraries/build-arm/CMakeFiles/CMakeTmp/CheckIncludeFile.c
Linking C executable cmTC_e8501
/usr/bin/cmake -E cmake_link_script CMakeFiles/cmTC_e8501.dir/link.txt --verbose=1
/opt/poky/5.0.12/sysroots/x86_64-pokysdk-linux/usr/share/cmake/../../../../../sysroots/x86_64-pokysdk-linux/usr/bin/arm-poky-linux-gnueabi/arm-poky-linux-gnueabi-gcc --sysroot=/opt/poky/5.0.12/sysroots/x86_64-pokysdk-linux/usr/share/cmake/../../../../../sysroots/cortexa7t2hf-neon-vfpv4-poky-linux-gnueabi  -mthumb -mfpu=neon-vfpv4 -mfloat-abi=hard -mcpu=cortex-a7  -rdynamic CMakeFiles/cmTC_e8501.dir/CheckIncludeFile.c.o -o cmTC_e8501 
gmake[1]: Leaving directory '/home/alexis/Documents/Tec/Empotrados/Proyecto_1/RemoteCar-Embedded/libraries/build-arm/CMakeFiles/CMakeTmp'



Performing C SOURCE FILE Test CMAKE_HAVE_LIBC_PTHREAD succeeded with the following output:
Change Dir: /home/alexis/Documents/Tec/Empotrados/Proyecto_1/RemoteCar-Embedded/libraries/build-arm/CMakeFiles/CMakeTmp

Run Build Command(s):/usr/bin/gmake -f Makefile cmTC_71a9b/fast && /usr/bin/gmake  -f CMakeFiles/cmTC_71a9b.dir/build.make CMakeFiles/cmTC_71a9b.dir/build
gmake[1]: Entering directory '/home/alexis/Documents/Tec/Empotrados/Proyecto_1/RemoteCar-Embedded/libraries/build-arm/CMakeFiles/CMakeTmp'
Building C object CMakeFiles/cmTC_71a9b.dir/src.c.o
/opt/poky/5.0.12/sysroots/x86_64-pokysdk-linux/usr/share/cmake/../../../../../sysroots/x86_64-pokysdk-linux/usr/bin/arm-poky-linux-gnueabi/arm-poky-linux-gnueabi-gcc --sysroot=/opt/poky/5.0.12/sysroots/x86_64-pokysdk-linux/usr/share/cmake/../../../../../sysroots/cortexa7t2hf-neon-vfpv4-poky-linux-gnueabi -DCMAKE_HAVE_LIBC_PTHREAD  -mthumb -mfpu=neon-vfpv4 -mfloat-abi=hard -mcpu=cortex-a7  -o CMakeFiles/cmTC_71a9b.dir/src.c.o -c /home/alexis/Documents/Tec/Empotrados/Proyecto_1/RemoteCar-Embedded/libraries/build-arm/CMakeFiles/CMakeTmp/src.c
Linking C executable cmTC_71a9b
/usr/bin/cmake -E cmake_link_script CMakeFiles/cmTC_71a9b.dir/link.txt --verbose=1
/opt/poky/5.0.12/sysroots/x86_64-pokysdk-linux/usr/share/cmake/../../../../../sysroots/x86_64-pokysdk-linux/usr/bin/arm-poky-linux-gnueabi/arm-poky-linux-gnueabi-gcc --sysroot=/opt/poky/5.0.12/sysroots/x86_64-pokysdk-linux/usr/share/cmake/../../../../../sysroots/cortexa7t2hf-neon-vfpv4-poky-linux-gnueabi  -mthumb -mfpu=neon-vfpv4 -mfloat-abi=hard -mcpu=cortex-a7  -rdynamic CMakeFiles/cmTC_71a9b.dir/src.c.o -o cmTC_71a9b 
gmake[1]: Leaving directory '/home/alexis/Documents/Tec/Empotrados/Proyecto_1/RemoteCar-Embedded/libraries/build-arm/CMakeFiles/CMakeTmp'


Source file was:
#include <pthread.h>

static void* test_func(void* data)
{
  return data;
}

int main(void)
{
  pthread_t thread;
  pthread_create(&thread, NULL, test_func, NULL);
  pthread_detach(thread);
  pthread_cancel(thread);
  pthread_join(thread, NULL);
  pthread_atfork(NULL, NULL, NULL);
  pthread_exit(NULL);

  return 0;
}

